






Started logging.

>>>
Content-Length: 2163

{"method":"initialize","params":{"processId":21320,"rootPath":"C:\\Users\\lucas\\AppData\\Local\\Temp\\arduino-language-server525289391\\sketch","rootUri":"file:///C:/Users/lucas/AppData/Local/Temp/arduino-language-server525289391/sketch","clientInfo":{"name":"vscode","version":"1.50.0"},"trace":"off","initializationOptions":{},"capabilities":{"workspace":{"workspaceEdit":{"documentChanges":true,"resourceOperations":["create","rename","delete"]},"applyEdit":true,"symbol":{"symbolKind":{"valueSet":[1,2,3,4,5,6,7,8,9,10,11,12,13,14,15,16,17,18,19,20,21,22,23,24,25,26]}},"executeCommand":{"dynamicRegistration":true},"didChangeWatchedFiles":{"dynamicRegistration":true},"workspaceFolders":true,"configuration":true},"textDocument":{"declaration":{"linkSupport":true},"definition":{"linkSupport":true},"implementation":{"linkSupport":true,"dynamicRegistration":true},"typeDefinition":{"linkSupport":true},"synchronization":{"willSave":true,"didSave":true,"willSaveWaitUntil":true},"documentSymbol":{"symbolKind":{"valueSet":[1,2,3,4,5,6,7,8,9,10,11,12,13,14,15,16,17,18,19,20,21,22,23,24,25,26]},"hierarchicalDocumentSymbolSupport":true},"formatting":{"dynamicRegistration":true},"rangeFormatting":{"dynamicRegistration":true},"rename":{"dynamicRegistration":true,"prepareSupport":true},"codeAction":{"dynamicRegistration":true,"isPreferredSupport":true,"codeActionLiteralSupport":{"codeActionKind":{"valueSet":["","quickfix","refactor","refactor.extract","refactor.inline","refactor.rewrite","source","source.organizeImports"]}}},"completion":{"completionItem":{"documentationFormat":["markdown","plaintext"],"snippetSupport":true},"completionItemKind":{"valueSet":[1,2,3,4,5,6,7,8,9,10,11,12,13,14,15,16,17,18,19,20,21,22,23,24,25]},"contextSupport":true},"signatureHelp":{"signatureInformation":{"parameterInformation":{"labelOffsetSupport":true}}},"documentLink":{"dynamicRegistration":true,"tooltipSupport":true},"hover":{"contentFormat":["markdown","plaintext"]},"foldingRange":{"dynamicRegistration":true,"rangeLimit":5000,"lineFoldingOnly":true},"colorProvider":{"dynamicRegistration":true}},"window":{"workDoneProgress":true}}},"id":0,"jsonrpc":"2.0"}
<<<
Content-Length: 1671

{"id":0,"jsonrpc":"2.0","result":{"capabilities":{"astProvider":true,"callHierarchyProvider":true,"codeActionProvider":{"codeActionKinds":["quickfix","refactor","info"]},"compilationDatabase":{"automaticReload":true},"completionProvider":{"allCommitCharacters":[" ","\t","(",")","[","]","{","}","<",">",":",";",",","+","-","/","*","%","^","&","#","?",".","=","\"","'","|"],"resolveProvider":false,"triggerCharacters":[".","<",">",":","\"","/"]},"declarationProvider":true,"definitionProvider":true,"documentFormattingProvider":true,"documentHighlightProvider":true,"documentLinkProvider":{"resolveProvider":false},"documentOnTypeFormattingProvider":{"firstTriggerCharacter":"\n","moreTriggerCharacter":[]},"documentRangeFormattingProvider":true,"documentSymbolProvider":true,"executeCommandProvider":{"commands":["clangd.applyFix","clangd.applyTweak"]},"hoverProvider":true,"implementationProvider":true,"memoryUsageProvider":true,"referencesProvider":true,"renameProvider":{"prepareProvider":true},"selectionRangeProvider":true,"semanticTokensProvider":{"full":{"delta":true},"legend":{"tokenModifiers":[],"tokenTypes":["variable","variable","parameter","function","method","function","property","variable","class","enum","enumMember","type","dependent","dependent","namespace","typeParameter","concept","type","macro","comment"]},"range":false},"signatureHelpProvider":{"triggerCharacters":["(",","]},"textDocumentSync":{"change":2,"openClose":true,"save":true},"typeHierarchyProvider":true,"workspaceSymbolProvider":true},"serverInfo":{"name":"clangd","version":"clangd version 12.0.0 (https://github.com/llvm/llvm-project e841bd5f335864b8c4d81cbf4df08460ef39f2ae)"}}}
>>>
Content-Length: 52

{"method":"initialized","params":{},"jsonrpc":"2.0"}Content-Length: 1115

{"method":"textDocument/didOpen","params":{"textDocument":{"uri":"file:///C:/Users/lucas/AppData/Local/Temp/arduino-language-server525289391/sketch/sketch_jun9a.ino.cpp","languageId":"cpp","version":1,"text":"#include \u003cArduino.h\u003e\n#line 1 \"C:\\\\Users\\\\lucas\\\\AppData\\\\Local\\\\Arduino15\\\\packages\\\\libs\\\\sketch_jun9a\\\\sketch_jun9a.ino\"\n#include \u003cParticle.h\u003e\n#include \u003cWiFi.h\u003e\n#include \u003cWebServer.h\u003e\n#include \u003cDNSServer.h\u003e\n#include \u003cWiFiManager.h\u003e\n\nint fsrAnalogePin = 0; // FSR is verbonden met analoog 0\nint fsrWaarde = 0; // De analoge waarde van de fsr spanningdeler\n\nvoid setup() {\n \n  Serial.begin(115200);\n  WiFiManager wifiManager;\n  wifiManager.setAPCallback(configModeCallback); \n  wifiManager.setSaveConfigCallback(saveConfigCallback); \n  wifiManager.autoConnect(); \n  delay(5000);\n \n}\n \nvoid loop() {\nfsrWaarde = analogRead(fsrAnalogePin);\nSerial.print(\"Analoge waarde = \"); // print 'Analoge waarde'\nSerial.println(fsrWaarde); // print de fsrwaarde op de monitor\ndelay(200);\n}\n"}},"jsonrpc":"2.0"}Content-Length: 202

{"method":"textDocument/documentSymbol","params":{"textDocument":{"uri":"file:///C:/Users/lucas/AppData/Local/Temp/arduino-language-server525289391/sketch/sketch_jun9a.ino.cpp"}},"id":1,"jsonrpc":"2.0"}
<<<
Content-Length: 111

{"id":0,"jsonrpc":"2.0","method":"window/workDoneProgress/create","params":{"token":"backgroundIndexProgress"}}
>>>
Content-Length: 38

{"id":0,"result":null,"jsonrpc":"2.0"}
<<<
Content-Length: 143

{"jsonrpc":"2.0","method":"$/progress","params":{"token":"backgroundIndexProgress","value":{"kind":"begin","percentage":0,"title":"indexing"}}}Content-Length: 141

{"jsonrpc":"2.0","method":"$/progress","params":{"token":"backgroundIndexProgress","value":{"kind":"report","message":"0/1","percentage":0}}}Content-Length: 141

{"jsonrpc":"2.0","method":"$/progress","params":{"token":"backgroundIndexProgress","value":{"kind":"report","message":"0/1","percentage":0}}}Content-Length: 107

{"jsonrpc":"2.0","method":"$/progress","params":{"token":"backgroundIndexProgress","value":{"kind":"end"}}}Content-Length: 2082

{"jsonrpc":"2.0","method":"textDocument/publishDiagnostics","params":{"diagnostics":[{"code":"pp_file_not_found","message":"'Arduino.h' file not found","range":{"end":{"character":20,"line":0},"start":{"character":9,"line":0}},"severity":1,"source":"clang"},{"code":"undeclared_var_use","message":"Use of undeclared identifier 'Serial'","range":{"end":{"character":8,"line":13},"start":{"character":2,"line":13}},"severity":1,"source":"clang"},{"code":"unknown_typename","message":"Unknown type name 'WiFiManager'","range":{"end":{"character":13,"line":14},"start":{"character":2,"line":14}},"severity":1,"source":"clang"},{"code":"undeclared_var_use","message":"Use of undeclared identifier 'configModeCallback'","range":{"end":{"character":46,"line":15},"start":{"character":28,"line":15}},"severity":1,"source":"clang"},{"code":"undeclared_var_use","message":"Use of undeclared identifier 'saveConfigCallback'","range":{"end":{"character":54,"line":16},"start":{"character":36,"line":16}},"severity":1,"source":"clang"},{"code":"undeclared_var_use","message":"Use of undeclared identifier 'delay'","range":{"end":{"character":7,"line":18},"start":{"character":2,"line":18}},"severity":1,"source":"clang"},{"code":"undeclared_var_use","message":"Use of undeclared identifier 'analogRead'","range":{"end":{"character":22,"line":23},"start":{"character":12,"line":23}},"severity":1,"source":"clang"},{"code":"undeclared_var_use","message":"Use of undeclared identifier 'Serial'","range":{"end":{"character":6,"line":24},"start":{"character":0,"line":24}},"severity":1,"source":"clang"},{"code":"undeclared_var_use","message":"Use of undeclared identifier 'Serial'","range":{"end":{"character":6,"line":25},"start":{"character":0,"line":25}},"severity":1,"source":"clang"},{"code":"undeclared_var_use","message":"Use of undeclared identifier 'delay'","range":{"end":{"character":5,"line":26},"start":{"character":0,"line":26}},"severity":1,"source":"clang"}],"uri":"file:///C:/Users/lucas/AppData/Local/Temp/arduino-language-server525289391/sketch/sketch_jun9a.ino.cpp","version":1}}Content-Length: 795

{"id":1,"jsonrpc":"2.0","result":[{"kind":13,"name":"fsrAnalogePin","range":{"end":{"character":21,"line":8},"start":{"character":0,"line":8}},"selectionRange":{"end":{"character":17,"line":8},"start":{"character":4,"line":8}}},{"kind":13,"name":"fsrWaarde","range":{"end":{"character":17,"line":9},"start":{"character":0,"line":9}},"selectionRange":{"end":{"character":13,"line":9},"start":{"character":4,"line":9}}},{"kind":12,"name":"setup","range":{"end":{"character":1,"line":20},"start":{"character":0,"line":11}},"selectionRange":{"end":{"character":10,"line":11},"start":{"character":5,"line":11}}},{"kind":12,"name":"loop","range":{"end":{"character":1,"line":27},"start":{"character":0,"line":22}},"selectionRange":{"end":{"character":9,"line":22},"start":{"character":5,"line":22}}}]}
>>>
Content-Length: 230

{"method":"textDocument/hover","params":{"textDocument":{"uri":"file:///C:/Users/lucas/AppData/Local/Temp/arduino-language-server525289391/sketch/sketch_jun9a.ino.cpp"},"position":{"line":25,"character":7}},"id":2,"jsonrpc":"2.0"}
<<<
Content-Length: 38

{"id":2,"jsonrpc":"2.0","result":null}
>>>
Content-Length: 202

{"method":"textDocument/documentSymbol","params":{"textDocument":{"uri":"file:///C:/Users/lucas/AppData/Local/Temp/arduino-language-server525289391/sketch/sketch_jun9a.ino.cpp"}},"id":3,"jsonrpc":"2.0"}
<<<
Content-Length: 795

{"id":3,"jsonrpc":"2.0","result":[{"kind":13,"name":"fsrAnalogePin","range":{"end":{"character":21,"line":8},"start":{"character":0,"line":8}},"selectionRange":{"end":{"character":17,"line":8},"start":{"character":4,"line":8}}},{"kind":13,"name":"fsrWaarde","range":{"end":{"character":17,"line":9},"start":{"character":0,"line":9}},"selectionRange":{"end":{"character":13,"line":9},"start":{"character":4,"line":9}}},{"kind":12,"name":"setup","range":{"end":{"character":1,"line":20},"start":{"character":0,"line":11}},"selectionRange":{"end":{"character":10,"line":11},"start":{"character":5,"line":11}}},{"kind":12,"name":"loop","range":{"end":{"character":1,"line":27},"start":{"character":0,"line":22}},"selectionRange":{"end":{"character":9,"line":22},"start":{"character":5,"line":22}}}]}
>>>
Content-Length: 243

{"method":"textDocument/documentHighlight","params":{"textDocument":{"uri":"file:///C:/Users/lucas/AppData/Local/Temp/arduino-language-server525289391/sketch/sketch_jun9a.ino.cpp"},"position":{"line":25,"character":16}},"id":4,"jsonrpc":"2.0"}
<<<
Content-Length: 36

{"id":4,"jsonrpc":"2.0","result":[]}
>>>
Content-Length: 243

{"method":"textDocument/documentHighlight","params":{"textDocument":{"uri":"file:///C:/Users/lucas/AppData/Local/Temp/arduino-language-server525289391/sketch/sketch_jun9a.ino.cpp"},"position":{"line":23,"character":15}},"id":5,"jsonrpc":"2.0"}
<<<
Content-Length: 36

{"id":5,"jsonrpc":"2.0","result":[]}
>>>
Content-Length: 231

{"method":"textDocument/hover","params":{"textDocument":{"uri":"file:///C:/Users/lucas/AppData/Local/Temp/arduino-language-server525289391/sketch/sketch_jun9a.ino.cpp"},"position":{"line":15,"character":28}},"id":6,"jsonrpc":"2.0"}
<<<
Content-Length: 38

{"id":6,"jsonrpc":"2.0","result":null}
>>>
Content-Length: 231

{"method":"textDocument/hover","params":{"textDocument":{"uri":"file:///C:/Users/lucas/AppData/Local/Temp/arduino-language-server525289391/sketch/sketch_jun9a.ino.cpp"},"position":{"line":17,"character":28}},"id":7,"jsonrpc":"2.0"}
<<<
Content-Length: 38

{"id":7,"jsonrpc":"2.0","result":null}
>>>
Content-Length: 231

{"method":"textDocument/hover","params":{"textDocument":{"uri":"file:///C:/Users/lucas/AppData/Local/Temp/arduino-language-server525289391/sketch/sketch_jun9a.ino.cpp"},"position":{"line":24,"character":17}},"id":8,"jsonrpc":"2.0"}
<<<
Content-Length: 38

{"id":8,"jsonrpc":"2.0","result":null}
>>>
Content-Length: 231

{"method":"textDocument/hover","params":{"textDocument":{"uri":"file:///C:/Users/lucas/AppData/Local/Temp/arduino-language-server525289391/sketch/sketch_jun9a.ino.cpp"},"position":{"line":24,"character":19}},"id":9,"jsonrpc":"2.0"}
<<<
Content-Length: 38

{"id":9,"jsonrpc":"2.0","result":null}
>>>
Content-Length: 244

{"method":"textDocument/documentHighlight","params":{"textDocument":{"uri":"file:///C:/Users/lucas/AppData/Local/Temp/arduino-language-server525289391/sketch/sketch_jun9a.ino.cpp"},"position":{"line":23,"character":21}},"id":10,"jsonrpc":"2.0"}
<<<
Content-Length: 37

{"id":10,"jsonrpc":"2.0","result":[]}
>>>
Content-Length: 232

{"method":"textDocument/hover","params":{"textDocument":{"uri":"file:///C:/Users/lucas/AppData/Local/Temp/arduino-language-server525289391/sketch/sketch_jun9a.ino.cpp"},"position":{"line":17,"character":21}},"id":11,"jsonrpc":"2.0"}
<<<
Content-Length: 39

{"id":11,"jsonrpc":"2.0","result":null}
>>>
Content-Length: 244

{"method":"textDocument/documentHighlight","params":{"textDocument":{"uri":"file:///C:/Users/lucas/AppData/Local/Temp/arduino-language-server525289391/sketch/sketch_jun9a.ino.cpp"},"position":{"line":17,"character":22}},"id":12,"jsonrpc":"2.0"}
<<<
Content-Length: 37

{"id":12,"jsonrpc":"2.0","result":[]}
>>>
Content-Length: 244

{"method":"textDocument/documentHighlight","params":{"textDocument":{"uri":"file:///C:/Users/lucas/AppData/Local/Temp/arduino-language-server525289391/sketch/sketch_jun9a.ino.cpp"},"position":{"line":16,"character":22}},"id":13,"jsonrpc":"2.0"}
<<<
Content-Length: 37

{"id":13,"jsonrpc":"2.0","result":[]}
>>>
Content-Length: 232

{"method":"textDocument/hover","params":{"textDocument":{"uri":"file:///C:/Users/lucas/AppData/Local/Temp/arduino-language-server525289391/sketch/sketch_jun9a.ino.cpp"},"position":{"line":11,"character":14}},"id":14,"jsonrpc":"2.0"}
<<<
Content-Length: 39

{"id":14,"jsonrpc":"2.0","result":null}
>>>
Content-Length: 231

{"method":"textDocument/hover","params":{"textDocument":{"uri":"file:///C:/Users/lucas/AppData/Local/Temp/arduino-language-server525289391/sketch/sketch_jun9a.ino.cpp"},"position":{"line":2,"character":13}},"id":15,"jsonrpc":"2.0"}
<<<
Content-Length: 39

{"id":15,"jsonrpc":"2.0","result":null}
>>>
Content-Length: 231

{"method":"textDocument/hover","params":{"textDocument":{"uri":"file:///C:/Users/lucas/AppData/Local/Temp/arduino-language-server525289391/sketch/sketch_jun9a.ino.cpp"},"position":{"line":2,"character":12}},"id":16,"jsonrpc":"2.0"}
<<<
Content-Length: 39

{"id":16,"jsonrpc":"2.0","result":null}
>>>
Content-Length: 231

{"method":"textDocument/hover","params":{"textDocument":{"uri":"file:///C:/Users/lucas/AppData/Local/Temp/arduino-language-server525289391/sketch/sketch_jun9a.ino.cpp"},"position":{"line":8,"character":18}},"id":17,"jsonrpc":"2.0"}
<<<
Content-Length: 298

{"id":17,"jsonrpc":"2.0","result":{"contents":{"kind":"markdown","value":"### variable `fsrAnalogePin`  \n\n---\nType: `int`  \nValue = `0`  \nFSR is verbonden met analoog 0  \n\n---\n```cpp\nint fsrAnalogePin = 0\n```"},"range":{"end":{"character":19,"line":8},"start":{"character":18,"line":8}}}}
>>>
Content-Length: 232

{"method":"textDocument/hover","params":{"textDocument":{"uri":"file:///C:/Users/lucas/AppData/Local/Temp/arduino-language-server525289391/sketch/sketch_jun9a.ino.cpp"},"position":{"line":13,"character":13}},"id":18,"jsonrpc":"2.0"}
<<<
Content-Length: 39

{"id":18,"jsonrpc":"2.0","result":null}
>>>
Content-Length: 244

{"method":"textDocument/documentHighlight","params":{"textDocument":{"uri":"file:///C:/Users/lucas/AppData/Local/Temp/arduino-language-server525289391/sketch/sketch_jun9a.ino.cpp"},"position":{"line":13,"character":14}},"id":19,"jsonrpc":"2.0"}
<<<
Content-Length: 37

{"id":19,"jsonrpc":"2.0","result":[]}
>>>
Content-Length: 244

{"method":"textDocument/documentHighlight","params":{"textDocument":{"uri":"file:///C:/Users/lucas/AppData/Local/Temp/arduino-language-server525289391/sketch/sketch_jun9a.ino.cpp"},"position":{"line":16,"character":19}},"id":20,"jsonrpc":"2.0"}
<<<
Content-Length: 37

{"id":20,"jsonrpc":"2.0","result":[]}
>>>
Content-Length: 232

{"method":"textDocument/hover","params":{"textDocument":{"uri":"file:///C:/Users/lucas/AppData/Local/Temp/arduino-language-server525289391/sketch/sketch_jun9a.ino.cpp"},"position":{"line":16,"character":22}},"id":21,"jsonrpc":"2.0"}
<<<
Content-Length: 39

{"id":21,"jsonrpc":"2.0","result":null}
>>>
Content-Length: 232

{"method":"textDocument/hover","params":{"textDocument":{"uri":"file:///C:/Users/lucas/AppData/Local/Temp/arduino-language-server525289391/sketch/sketch_jun9a.ino.cpp"},"position":{"line":16,"character":33}},"id":22,"jsonrpc":"2.0"}
<<<
Content-Length: 39

{"id":22,"jsonrpc":"2.0","result":null}
>>>
Content-Length: 232

{"method":"textDocument/hover","params":{"textDocument":{"uri":"file:///C:/Users/lucas/AppData/Local/Temp/arduino-language-server525289391/sketch/sketch_jun9a.ino.cpp"},"position":{"line":17,"character":27}},"id":23,"jsonrpc":"2.0"}
<<<
Content-Length: 39

{"id":23,"jsonrpc":"2.0","result":null}
>>>
Content-Length: 243

{"method":"textDocument/documentHighlight","params":{"textDocument":{"uri":"file:///C:/Users/lucas/AppData/Local/Temp/arduino-language-server525289391/sketch/sketch_jun9a.ino.cpp"},"position":{"line":17,"character":8}},"id":24,"jsonrpc":"2.0"}
<<<
Content-Length: 37

{"id":24,"jsonrpc":"2.0","result":[]}
>>>
Content-Length: 231

{"method":"textDocument/hover","params":{"textDocument":{"uri":"file:///C:/Users/lucas/AppData/Local/Temp/arduino-language-server525289391/sketch/sketch_jun9a.ino.cpp"},"position":{"line":2,"character":17}},"id":25,"jsonrpc":"2.0"}
<<<
Content-Length: 39

{"id":25,"jsonrpc":"2.0","result":null}
>>>
Content-Length: 59

{"method":"shutdown","params":null,"id":26,"jsonrpc":"2.0"}
<<<
Content-Length: 39

{"id":26,"jsonrpc":"2.0","result":null}
>>>
Content-Length: 47

{"method":"exit","params":null,"jsonrpc":"2.0"}<<< Read Error: EOF
