






Started logging.
2021/06/16 10:16:04 logging to c:\Users\lucas\AppData\Local\Arduino15\packages\libs\sketch_jun9a\inols.log
2021/06/16 10:16:04 Initial board configuration: {"FireBeetle-ESP32" esp32:esp32:firebeetle32}
2021/06/16 10:16:04 Language server build path: C:\Users\lucas\AppData\Local\Temp\arduino-language-server525289391
2021/06/16 10:16:04 Language server build sketch root: C:\Users\lucas\AppData\Local\Temp\arduino-language-server525289391\sketch
2021/06/16 10:16:04 [92mIDE --> LS     CL: REQUEST initialize 0: [0m
2021/06/16 10:16:04 IDE --> initialize 0 [93m locked[0m
2021/06/16 10:16:04 IDE --> initialize 0 [93m unlocked[0m
2021/06/16 10:16:04 INIT--- initializing workbench
2021/06/16 10:16:04 INIT--- [93m locked[0m
2021/06/16 10:16:04 [91mIDE <-- LS     CL: ANSWER UNBOUND (0): [0m
2021/06/16 10:16:04     --> initialize(file:///c%3A/Users/lucas/AppData/Local/Arduino15/packages/libs/sketch_jun9a)
2021/06/16 10:16:04 running:  c:\Users\lucas\AppData\Local\Programs\Arduino IDE\resources\app\node_modules\arduino-ide-extension\build\arduino-cli.exe compile --fqbn esp32:esp32:firebeetle32 --only-compilation-database --clean --source-override C:\Users\lucas\AppData\Local\Temp\614741314 --build-path C:\Users\lucas\AppData\Local\Temp\arduino-language-server525289391 --format json C:\Users\lucas\AppData\Local\Arduino15\packages\libs\sketch_jun9a
2021/06/16 10:16:04 [92mIDE --> LS     CL: NOTIFICATION initialized: [0m
2021/06/16 10:16:07 arduino-cli output: {
  "compiler_out": "",
  "compiler_err": "",
  "builder_result": {
    "build_path": "C:\\Users\\lucas\\AppData\\Local\\Temp\\arduino-language-server525289391"
  },
  "success": false
}

2021/06/16 10:16:07 running:  c:\Users\lucas\AppData\Local\Programs\Arduino IDE\resources\app\node_modules\arduino-ide-extension\build\arduino-cli.exe config dump --format json
2021/06/16 10:16:07 Arduino Data Dir ->  C:\Users\lucas\AppData\Local\Arduino15
2021/06/16 10:16:07     Starting clangd: c:\Users\lucas\AppData\Local\Programs\Arduino IDE\resources\app\node_modules\arduino-ide-extension\build\bin\clangd.exe -log=verbose --compile-commands-dir=C:\Users\lucas\AppData\Local\Temp\arduino-language-server525289391 -query-driver=C:\Users\lucas\AppData\Local\Arduino15\packages\**
2021/06/16 10:16:07 logging to c:\Users\lucas\AppData\Local\Arduino15\packages\libs\sketch_jun9a\inols-clangd.log
2021/06/16 10:16:07 logging to c:\Users\lucas\AppData\Local\Arduino15\packages\libs\sketch_jun9a\inols-clangd-err.log
2021/06/16 10:16:07 [91mIDE     LS --> CL: REQUEST initialize 0: [0m
2021/06/16 10:16:07 [92mIDE     LS <-- CL: ANSWER initialize 0 (0): [0m
2021/06/16 10:16:07 [91mIDE     LS --> CL: NOTIFICATION initialized: [0m
2021/06/16 10:16:07 INIT--- initializing workbench (done)
2021/06/16 10:16:07 INIT--- [93m unlocked[0m
2021/06/16 10:16:07 IDE --> initialized notif1 [93m read-locked[0m
2021/06/16 10:16:07 IDE --> initialized notif1 notification is not propagated to clangd
2021/06/16 10:16:07 IDE --> initialized notif1 [93m read-unlocked[0m
2021/06/16 10:16:07 [92mIDE --> LS     CL: NOTIFICATION textDocument/didOpen: [0m
2021/06/16 10:16:07 IDE --> textDocument/didOpen notif2 [93m locked[0m
2021/06/16 10:16:07 IDE --> textDocument/didOpen notif2 (file:///c%3A/Users/lucas/AppData/Local/Arduino15/packages/libs/sketch_jun9a/sketch_jun9a.ino@1 as 'cpp')
2021/06/16 10:16:07     increasing .ino tracked files count: 1
2021/06/16 10:16:07 IDE --> textDocument/didOpen notif2 to clang: didOpen(file:///C:/Users/lucas/AppData/Local/Temp/arduino-language-server525289391/sketch/sketch_jun9a.ino.cpp@1 as 'cpp')
2021/06/16 10:16:07 IDE --> textDocument/didOpen notif2 sent to Clang
2021/06/16 10:16:07 [91mIDE     LS --> CL: NOTIFICATION textDocument/didOpen: [0m
2021/06/16 10:16:07 IDE --> textDocument/didOpen notif2 Queued resfreshing document symbols
2021/06/16 10:16:07 IDE --> textDocument/didOpen notif2 [93m unlocked[0m
2021/06/16 10:16:07 SYLD--- [93m read-locked[0m
2021/06/16 10:16:07 SYLD--- requesting documentSymbol for file:///C:/Users/lucas/AppData/Local/Temp/arduino-language-server525289391/sketch/sketch_jun9a.ino.cpp
2021/06/16 10:16:07 SYLD--- [93m read-unlocked[0m
2021/06/16 10:16:07 [91mIDE     LS --> CL: REQUEST textDocument/documentSymbol 1: [0m
2021/06/16 10:16:07 [92mIDE     LS <-- CL: REQUEST window/workDoneProgress/create 0: [0m
2021/06/16 10:16:07 [91mIDE     LS --> CL: ANSWER UNBOUND (0): [0m
2021/06/16 10:16:07 [91mIDE <-- LS     CL: REQUEST window/workDoneProgress/create 0: [0m
2021/06/16 10:16:07 [92mIDE     LS <-- CL: NOTIFICATION $/progress: TOKEN=backgroundIndexProgress BEGIN indexing [0m
2021/06/16 10:16:07 [92mIDE     LS <-- CL: NOTIFICATION $/progress: TOKEN=backgroundIndexProgress REPORT 0/1 0%[0m
2021/06/16 10:16:07 [92mIDE     LS <-- CL: NOTIFICATION $/progress: TOKEN=backgroundIndexProgress REPORT 0/1 0%[0m
2021/06/16 10:16:07 [92mIDE     LS <-- CL: NOTIFICATION $/progress: TOKEN=backgroundIndexProgress END [0m
2021/06/16 10:16:07 [92mIDE --> LS     CL: ANSWER window/workDoneProgress/create 0 (0): [0m
2021/06/16 10:16:07 [91mIDE <-- LS     CL: NOTIFICATION $/progress: TOKEN=backgroundIndexProgress BEGIN indexing [0m
2021/06/16 10:16:07 [91mIDE <-- LS     CL: NOTIFICATION $/progress: TOKEN=backgroundIndexProgress END [0m
2021/06/16 10:16:07 [92mIDE     LS <-- CL: NOTIFICATION textDocument/publishDiagnostics: [0m
2021/06/16 10:16:07 CLG <-- textDocument/publishDiagnostics notif5 (queued)
2021/06/16 10:16:07 CLG <-- textDocument/publishDiagnostics notif5 [93m read-locked[0m
2021/06/16 10:16:07 CLG <-- textDocument/publishDiagnostics notif5 (running)
2021/06/16 10:16:07 CLG <-- textDocument/publishDiagnostics notif5 publishDiagnostics(file:///C:/Users/lucas/AppData/Local/Temp/arduino-language-server525289391/sketch/sketch_jun9a.ino.cpp):
2021/06/16 10:16:07 CLG <-- textDocument/publishDiagnostics notif5 > 0:9 - 1: pp_file_not_found
2021/06/16 10:16:07 CLG <-- textDocument/publishDiagnostics notif5 > 13:2 - 1: undeclared_var_use
2021/06/16 10:16:07 CLG <-- textDocument/publishDiagnostics notif5 > 14:2 - 1: unknown_typename
2021/06/16 10:16:07 CLG <-- textDocument/publishDiagnostics notif5 > 15:28 - 1: undeclared_var_use
2021/06/16 10:16:07 CLG <-- textDocument/publishDiagnostics notif5 > 16:36 - 1: undeclared_var_use
2021/06/16 10:16:07 CLG <-- textDocument/publishDiagnostics notif5 > 18:2 - 1: undeclared_var_use
2021/06/16 10:16:07 CLG <-- textDocument/publishDiagnostics notif5 > 23:12 - 1: undeclared_var_use
2021/06/16 10:16:07 CLG <-- textDocument/publishDiagnostics notif5 > 24:0 - 1: undeclared_var_use
2021/06/16 10:16:07 CLG <-- textDocument/publishDiagnostics notif5 > 25:0 - 1: undeclared_var_use
2021/06/16 10:16:07 CLG <-- textDocument/publishDiagnostics notif5 > 26:0 - 1: undeclared_var_use
2021/06/16 10:16:07 [92mIDE     LS <-- CL: ANSWER textDocument/documentSymbol 1 (1): [0m
2021/06/16 10:16:07     URI: converted 0:9-0:20 to /not-ino:0:9-0:20
2021/06/16 10:16:07 SYLD--- [93m read-locked[0m
2021/06/16 10:16:07 SYLD---    symbol: Function setup 11:0-20:1
2021/06/16 10:16:07 SYLD---      TRIMMED> void setup() 
2021/06/16 10:16:07 SYLD---    symbol: Function loop 22:0-27:1
2021/06/16 10:16:07 SYLD---      TRIMMED> void loop() 
2021/06/16 10:16:07 SYLD--- [93m read-unlocked[0m
2021/06/16 10:16:07 SYLD--- (done)
2021/06/16 10:16:07     URI: converted 13:2-13:8 to C:\Users\lucas\AppData\Local\Arduino15\packages\libs\sketch_jun9a\sketch_jun9a.ino:11:2-11:8
2021/06/16 10:16:07     URI: converted 14:2-14:13 to C:\Users\lucas\AppData\Local\Arduino15\packages\libs\sketch_jun9a\sketch_jun9a.ino:12:2-12:13
2021/06/16 10:16:07     URI: converted 15:28-15:46 to C:\Users\lucas\AppData\Local\Arduino15\packages\libs\sketch_jun9a\sketch_jun9a.ino:13:28-13:46
2021/06/16 10:16:07     URI: converted 16:36-16:54 to C:\Users\lucas\AppData\Local\Arduino15\packages\libs\sketch_jun9a\sketch_jun9a.ino:14:36-14:54
2021/06/16 10:16:07     URI: converted 18:2-18:7 to C:\Users\lucas\AppData\Local\Arduino15\packages\libs\sketch_jun9a\sketch_jun9a.ino:16:2-16:7
2021/06/16 10:16:07     URI: converted 23:12-23:22 to C:\Users\lucas\AppData\Local\Arduino15\packages\libs\sketch_jun9a\sketch_jun9a.ino:21:12-21:22
2021/06/16 10:16:07     URI: converted 24:0-24:6 to C:\Users\lucas\AppData\Local\Arduino15\packages\libs\sketch_jun9a\sketch_jun9a.ino:22:0-22:6
2021/06/16 10:16:07     URI: converted 25:0-25:6 to C:\Users\lucas\AppData\Local\Arduino15\packages\libs\sketch_jun9a\sketch_jun9a.ino:23:0-23:6
2021/06/16 10:16:07     URI: converted 26:0-26:5 to C:\Users\lucas\AppData\Local\Arduino15\packages\libs\sketch_jun9a\sketch_jun9a.ino:24:0-24:5
2021/06/16 10:16:07 CLG <-- textDocument/publishDiagnostics notif5 to IDE: publishDiagnostics(file:///c%3A/Users/lucas/AppData/Local/Arduino15/packages/libs/sketch_jun9a/sketch_jun9a.ino):
2021/06/16 10:16:07 CLG <-- textDocument/publishDiagnostics notif5 > 11:2 - 1: undeclared_var_use
2021/06/16 10:16:07 CLG <-- textDocument/publishDiagnostics notif5 > 12:2 - 1: unknown_typename
2021/06/16 10:16:07 CLG <-- textDocument/publishDiagnostics notif5 > 13:28 - 1: undeclared_var_use
2021/06/16 10:16:07 CLG <-- textDocument/publishDiagnostics notif5 > 14:36 - 1: undeclared_var_use
2021/06/16 10:16:07 CLG <-- textDocument/publishDiagnostics notif5 > 16:2 - 1: undeclared_var_use
2021/06/16 10:16:07 CLG <-- textDocument/publishDiagnostics notif5 > 21:12 - 1: undeclared_var_use
2021/06/16 10:16:07 CLG <-- textDocument/publishDiagnostics notif5 > 22:0 - 1: undeclared_var_use
2021/06/16 10:16:07 CLG <-- textDocument/publishDiagnostics notif5 > 23:0 - 1: undeclared_var_use
2021/06/16 10:16:07 CLG <-- textDocument/publishDiagnostics notif5 > 24:0 - 1: undeclared_var_use
2021/06/16 10:16:07 [91mIDE <-- LS     CL: NOTIFICATION textDocument/publishDiagnostics: [0m
2021/06/16 10:16:07 CLG <-- textDocument/publishDiagnostics notif5 [93m read-unlocked[0m
2021/06/16 10:17:14 [92mIDE --> LS     CL: REQUEST textDocument/hover 1: [0m
2021/06/16 10:17:14 IDE --> textDocument/hover 1 [93m read-locked[0m
2021/06/16 10:17:14 --> hover(file:///c%3A/Users/lucas/AppData/Local/Arduino15/packages/libs/sketch_jun9a/sketch_jun9a.ino:23:7)
2021/06/16 10:17:14     --> hover(file:///C:/Users/lucas/AppData/Local/Temp/arduino-language-server525289391/sketch/sketch_jun9a.ino.cpp:25:7)
2021/06/16 10:17:14 IDE --> textDocument/hover 1 sent to Clang
2021/06/16 10:17:14 [91mIDE     LS --> CL: REQUEST textDocument/hover 2: [0m
2021/06/16 10:17:14 [92mIDE     LS <-- CL: ANSWER textDocument/hover 2 (2): [0m
2021/06/16 10:17:14 IDE --> textDocument/hover 1 Queued check document symbols
2021/06/16 10:17:14 SYCK--- [93m read-locked[0m
2021/06/16 10:17:14 SYCK--- requesting documentSymbol for file:///C:/Users/lucas/AppData/Local/Temp/arduino-language-server525289391/sketch/sketch_jun9a.ino.cpp
2021/06/16 10:17:14 SYCK--- [93m read-unlocked[0m
2021/06/16 10:17:14 [91mIDE     LS --> CL: REQUEST textDocument/documentSymbol 3: [0m
2021/06/16 10:17:14 [92mIDE     LS <-- CL: ANSWER textDocument/documentSymbol 3 (3): [0m
2021/06/16 10:17:14 SYCK--- [93m read-locked[0m
2021/06/16 10:17:14 SYCK---    symbol: Function setup 11:0-20:1
2021/06/16 10:17:14 SYCK---      TRIMMED> void setup() 
2021/06/16 10:17:14 SYCK---    symbol: Function loop 22:0-27:1
2021/06/16 10:17:14 SYCK---      TRIMMED> void loop() 
2021/06/16 10:17:14 SYCK--- [93m read-unlocked[0m
2021/06/16 10:17:14 SYCK--- (done)
2021/06/16 10:17:14 IDE --> textDocument/hover 1 [93m read-unlocked[0m
2021/06/16 10:17:14 [91mIDE <-- LS     CL: ANSWER UNBOUND (1): [0m
2021/06/16 10:17:15 [92mIDE --> LS     CL: REQUEST textDocument/documentHighlight 2: [0m
2021/06/16 10:17:15 IDE --> textDocument/documentHighlight 2 [93m read-locked[0m
2021/06/16 10:17:15 --> textDocument/documentHighlight(file:///c%3A/Users/lucas/AppData/Local/Arduino15/packages/libs/sketch_jun9a/sketch_jun9a.ino:23:16)
2021/06/16 10:17:15     --> textDocument/documentHighlight(file:///C:/Users/lucas/AppData/Local/Temp/arduino-language-server525289391/sketch/sketch_jun9a.ino.cpp:25:16)
2021/06/16 10:17:15 IDE --> textDocument/documentHighlight 2 sent to Clang
2021/06/16 10:17:15 [91mIDE     LS --> CL: REQUEST textDocument/documentHighlight 4: [0m
2021/06/16 10:17:15 [92mIDE     LS <-- CL: ANSWER textDocument/documentHighlight 4 (4): [0m
2021/06/16 10:17:15 IDE --> textDocument/documentHighlight 2 [93m read-unlocked[0m
2021/06/16 10:17:15 [91mIDE <-- LS     CL: ANSWER UNBOUND (2): [0m
2021/06/16 10:17:16 [92mIDE --> LS     CL: REQUEST textDocument/documentHighlight 3: [0m
2021/06/16 10:17:16 IDE --> textDocument/documentHighlight 3 [93m read-locked[0m
2021/06/16 10:17:16 --> textDocument/documentHighlight(file:///c%3A/Users/lucas/AppData/Local/Arduino15/packages/libs/sketch_jun9a/sketch_jun9a.ino:21:15)
2021/06/16 10:17:16     --> textDocument/documentHighlight(file:///C:/Users/lucas/AppData/Local/Temp/arduino-language-server525289391/sketch/sketch_jun9a.ino.cpp:23:15)
2021/06/16 10:17:16 IDE --> textDocument/documentHighlight 3 sent to Clang
2021/06/16 10:17:16 [91mIDE     LS --> CL: REQUEST textDocument/documentHighlight 5: [0m
2021/06/16 10:17:16 [92mIDE     LS <-- CL: ANSWER textDocument/documentHighlight 5 (5): [0m
2021/06/16 10:17:16 IDE --> textDocument/documentHighlight 3 [93m read-unlocked[0m
2021/06/16 10:17:16 [91mIDE <-- LS     CL: ANSWER UNBOUND (3): [0m
2021/06/16 10:17:17 [92mIDE --> LS     CL: REQUEST textDocument/hover 4: [0m
2021/06/16 10:17:17 IDE --> textDocument/hover 4 [93m read-locked[0m
2021/06/16 10:17:17 --> hover(file:///c%3A/Users/lucas/AppData/Local/Arduino15/packages/libs/sketch_jun9a/sketch_jun9a.ino:13:28)
2021/06/16 10:17:17     --> hover(file:///C:/Users/lucas/AppData/Local/Temp/arduino-language-server525289391/sketch/sketch_jun9a.ino.cpp:15:28)
2021/06/16 10:17:17 IDE --> textDocument/hover 4 sent to Clang
2021/06/16 10:17:17 [91mIDE     LS --> CL: REQUEST textDocument/hover 6: [0m
2021/06/16 10:17:17 [92mIDE     LS <-- CL: ANSWER textDocument/hover 6 (6): [0m
2021/06/16 10:17:17 IDE --> textDocument/hover 4 [93m read-unlocked[0m
2021/06/16 10:17:17 [91mIDE <-- LS     CL: ANSWER UNBOUND (4): [0m
2021/06/16 10:17:18 [92mIDE --> LS     CL: REQUEST textDocument/hover 5: [0m
2021/06/16 10:17:18 IDE --> textDocument/hover 5 [93m read-locked[0m
2021/06/16 10:17:18 --> hover(file:///c%3A/Users/lucas/AppData/Local/Arduino15/packages/libs/sketch_jun9a/sketch_jun9a.ino:15:28)
2021/06/16 10:17:18     --> hover(file:///C:/Users/lucas/AppData/Local/Temp/arduino-language-server525289391/sketch/sketch_jun9a.ino.cpp:17:28)
2021/06/16 10:17:18 IDE --> textDocument/hover 5 sent to Clang
2021/06/16 10:17:18 [91mIDE     LS --> CL: REQUEST textDocument/hover 7: [0m
2021/06/16 10:17:18 [92mIDE     LS <-- CL: ANSWER textDocument/hover 7 (7): [0m
2021/06/16 10:17:18 IDE --> textDocument/hover 5 [93m read-unlocked[0m
2021/06/16 10:17:18 [91mIDE <-- LS     CL: ANSWER UNBOUND (5): [0m
2021/06/16 10:17:20 [92mIDE --> LS     CL: REQUEST textDocument/hover 6: [0m
2021/06/16 10:17:20 IDE --> textDocument/hover 6 [93m read-locked[0m
2021/06/16 10:17:20 --> hover(file:///c%3A/Users/lucas/AppData/Local/Arduino15/packages/libs/sketch_jun9a/sketch_jun9a.ino:22:17)
2021/06/16 10:17:20     --> hover(file:///C:/Users/lucas/AppData/Local/Temp/arduino-language-server525289391/sketch/sketch_jun9a.ino.cpp:24:17)
2021/06/16 10:17:20 IDE --> textDocument/hover 6 sent to Clang
2021/06/16 10:17:20 [91mIDE     LS --> CL: REQUEST textDocument/hover 8: [0m
2021/06/16 10:17:20 [92mIDE     LS <-- CL: ANSWER textDocument/hover 8 (8): [0m
2021/06/16 10:17:20 IDE --> textDocument/hover 6 [93m read-unlocked[0m
2021/06/16 10:17:20 [91mIDE <-- LS     CL: ANSWER UNBOUND (6): [0m
2021/06/16 10:17:20 [92mIDE --> LS     CL: REQUEST textDocument/hover 7: [0m
2021/06/16 10:17:20 IDE --> textDocument/hover 7 [93m read-locked[0m
2021/06/16 10:17:20 --> hover(file:///c%3A/Users/lucas/AppData/Local/Arduino15/packages/libs/sketch_jun9a/sketch_jun9a.ino:22:19)
2021/06/16 10:17:20     --> hover(file:///C:/Users/lucas/AppData/Local/Temp/arduino-language-server525289391/sketch/sketch_jun9a.ino.cpp:24:19)
2021/06/16 10:17:20 IDE --> textDocument/hover 7 sent to Clang
2021/06/16 10:17:20 [91mIDE     LS --> CL: REQUEST textDocument/hover 9: [0m
2021/06/16 10:17:20 [92mIDE     LS <-- CL: ANSWER textDocument/hover 9 (9): [0m
2021/06/16 10:17:20 IDE --> textDocument/hover 7 [93m read-unlocked[0m
2021/06/16 10:17:20 [91mIDE <-- LS     CL: ANSWER UNBOUND (7): [0m
2021/06/16 10:17:21 [92mIDE --> LS     CL: REQUEST textDocument/documentHighlight 8: [0m
2021/06/16 10:17:21 IDE --> textDocument/documentHighlight 8 [93m read-locked[0m
2021/06/16 10:17:21 --> textDocument/documentHighlight(file:///c%3A/Users/lucas/AppData/Local/Arduino15/packages/libs/sketch_jun9a/sketch_jun9a.ino:21:21)
2021/06/16 10:17:21     --> textDocument/documentHighlight(file:///C:/Users/lucas/AppData/Local/Temp/arduino-language-server525289391/sketch/sketch_jun9a.ino.cpp:23:21)
2021/06/16 10:17:21 IDE --> textDocument/documentHighlight 8 sent to Clang
2021/06/16 10:17:21 [91mIDE     LS --> CL: REQUEST textDocument/documentHighlight 10: [0m
2021/06/16 10:17:21 [92mIDE     LS <-- CL: ANSWER textDocument/documentHighlight 10 (10): [0m
2021/06/16 10:17:21 IDE --> textDocument/documentHighlight 8 [93m read-unlocked[0m
2021/06/16 10:17:21 [91mIDE <-- LS     CL: ANSWER UNBOUND (8): [0m
2021/06/16 10:17:23 [92mIDE --> LS     CL: REQUEST textDocument/hover 9: [0m
2021/06/16 10:17:23 IDE --> textDocument/hover 9 [93m read-locked[0m
2021/06/16 10:17:23 --> hover(file:///c%3A/Users/lucas/AppData/Local/Arduino15/packages/libs/sketch_jun9a/sketch_jun9a.ino:15:21)
2021/06/16 10:17:23     --> hover(file:///C:/Users/lucas/AppData/Local/Temp/arduino-language-server525289391/sketch/sketch_jun9a.ino.cpp:17:21)
2021/06/16 10:17:23 IDE --> textDocument/hover 9 sent to Clang
2021/06/16 10:17:23 [91mIDE     LS --> CL: REQUEST textDocument/hover 11: [0m
2021/06/16 10:17:23 [92mIDE     LS <-- CL: ANSWER textDocument/hover 11 (11): [0m
2021/06/16 10:17:23 IDE --> textDocument/hover 9 [93m read-unlocked[0m
2021/06/16 10:17:23 [91mIDE <-- LS     CL: ANSWER UNBOUND (9): [0m
2021/06/16 10:17:23 [92mIDE --> LS     CL: REQUEST textDocument/documentHighlight 10: [0m
2021/06/16 10:17:23 IDE --> textDocument/documentHighlight 10 [93m read-locked[0m
2021/06/16 10:17:23 --> textDocument/documentHighlight(file:///c%3A/Users/lucas/AppData/Local/Arduino15/packages/libs/sketch_jun9a/sketch_jun9a.ino:15:22)
2021/06/16 10:17:23     --> textDocument/documentHighlight(file:///C:/Users/lucas/AppData/Local/Temp/arduino-language-server525289391/sketch/sketch_jun9a.ino.cpp:17:22)
2021/06/16 10:17:23 IDE --> textDocument/documentHighlight 10 sent to Clang
2021/06/16 10:17:23 [91mIDE     LS --> CL: REQUEST textDocument/documentHighlight 12: [0m
2021/06/16 10:17:23 [92mIDE     LS <-- CL: ANSWER textDocument/documentHighlight 12 (12): [0m
2021/06/16 10:17:23 IDE --> textDocument/documentHighlight 10 [93m read-unlocked[0m
2021/06/16 10:17:23 [91mIDE <-- LS     CL: ANSWER UNBOUND (10): [0m
2021/06/16 10:17:23 [92mIDE --> LS     CL: REQUEST textDocument/documentHighlight 11: [0m
2021/06/16 10:17:23 IDE --> textDocument/documentHighlight 11 [93m read-locked[0m
2021/06/16 10:17:23 --> textDocument/documentHighlight(file:///c%3A/Users/lucas/AppData/Local/Arduino15/packages/libs/sketch_jun9a/sketch_jun9a.ino:14:22)
2021/06/16 10:17:23     --> textDocument/documentHighlight(file:///C:/Users/lucas/AppData/Local/Temp/arduino-language-server525289391/sketch/sketch_jun9a.ino.cpp:16:22)
2021/06/16 10:17:23 IDE --> textDocument/documentHighlight 11 sent to Clang
2021/06/16 10:17:23 [91mIDE     LS --> CL: REQUEST textDocument/documentHighlight 13: [0m
2021/06/16 10:17:23 [92mIDE     LS <-- CL: ANSWER textDocument/documentHighlight 13 (13): [0m
2021/06/16 10:17:23 IDE --> textDocument/documentHighlight 11 [93m read-unlocked[0m
2021/06/16 10:17:23 [91mIDE <-- LS     CL: ANSWER UNBOUND (11): [0m
2021/06/16 10:17:24 [92mIDE --> LS     CL: REQUEST textDocument/hover 12: [0m
2021/06/16 10:17:24 IDE --> textDocument/hover 12 [93m read-locked[0m
2021/06/16 10:17:24 --> hover(file:///c%3A/Users/lucas/AppData/Local/Arduino15/packages/libs/sketch_jun9a/sketch_jun9a.ino:9:14)
2021/06/16 10:17:24     --> hover(file:///C:/Users/lucas/AppData/Local/Temp/arduino-language-server525289391/sketch/sketch_jun9a.ino.cpp:11:14)
2021/06/16 10:17:24 IDE --> textDocument/hover 12 sent to Clang
2021/06/16 10:17:24 [91mIDE     LS --> CL: REQUEST textDocument/hover 14: [0m
2021/06/16 10:17:24 [92mIDE     LS <-- CL: ANSWER textDocument/hover 14 (14): [0m
2021/06/16 10:17:24 IDE --> textDocument/hover 12 [93m read-unlocked[0m
2021/06/16 10:17:24 [91mIDE <-- LS     CL: ANSWER UNBOUND (12): [0m
2021/06/16 10:17:28 [92mIDE --> LS     CL: REQUEST textDocument/hover 13: [0m
2021/06/16 10:17:28 IDE --> textDocument/hover 13 [93m read-locked[0m
2021/06/16 10:17:28 --> hover(file:///c%3A/Users/lucas/AppData/Local/Arduino15/packages/libs/sketch_jun9a/sketch_jun9a.ino:0:13)
2021/06/16 10:17:28     --> hover(file:///C:/Users/lucas/AppData/Local/Temp/arduino-language-server525289391/sketch/sketch_jun9a.ino.cpp:2:13)
2021/06/16 10:17:28 IDE --> textDocument/hover 13 sent to Clang
2021/06/16 10:17:28 [91mIDE     LS --> CL: REQUEST textDocument/hover 15: [0m
2021/06/16 10:17:28 [92mIDE     LS <-- CL: ANSWER textDocument/hover 15 (15): [0m
2021/06/16 10:17:28 IDE --> textDocument/hover 13 [93m read-unlocked[0m
2021/06/16 10:17:28 [91mIDE <-- LS     CL: ANSWER UNBOUND (13): [0m
2021/06/16 10:17:29 [92mIDE --> LS     CL: REQUEST textDocument/hover 14: [0m
2021/06/16 10:17:29 IDE --> textDocument/hover 14 [93m read-locked[0m
2021/06/16 10:17:29 --> hover(file:///c%3A/Users/lucas/AppData/Local/Arduino15/packages/libs/sketch_jun9a/sketch_jun9a.ino:0:12)
2021/06/16 10:17:29     --> hover(file:///C:/Users/lucas/AppData/Local/Temp/arduino-language-server525289391/sketch/sketch_jun9a.ino.cpp:2:12)
2021/06/16 10:17:29 IDE --> textDocument/hover 14 sent to Clang
2021/06/16 10:17:29 [91mIDE     LS --> CL: REQUEST textDocument/hover 16: [0m
2021/06/16 10:17:29 [92mIDE     LS <-- CL: ANSWER textDocument/hover 16 (16): [0m
2021/06/16 10:17:29 IDE --> textDocument/hover 14 [93m read-unlocked[0m
2021/06/16 10:17:29 [91mIDE <-- LS     CL: ANSWER UNBOUND (14): [0m
2021/06/16 10:17:30 [92mIDE --> LS     CL: REQUEST textDocument/hover 15: [0m
2021/06/16 10:17:30 IDE --> textDocument/hover 15 [93m read-locked[0m
2021/06/16 10:17:30 --> hover(file:///c%3A/Users/lucas/AppData/Local/Arduino15/packages/libs/sketch_jun9a/sketch_jun9a.ino:6:18)
2021/06/16 10:17:30     --> hover(file:///C:/Users/lucas/AppData/Local/Temp/arduino-language-server525289391/sketch/sketch_jun9a.ino.cpp:8:18)
2021/06/16 10:17:30 IDE --> textDocument/hover 15 sent to Clang
2021/06/16 10:17:30 [91mIDE     LS --> CL: REQUEST textDocument/hover 17: [0m
2021/06/16 10:17:30 [92mIDE     LS <-- CL: ANSWER textDocument/hover 17 (17): [0m
2021/06/16 10:17:30 <-- hover("### variable `fsrAnalogePin`  \n\n---\nType: `int`  \nValue = `0`  \nFSR is verbonden met analoog 0  \n\n---\n```cpp\nint fsrAnalogePin = 0\n```")
2021/06/16 10:17:30 IDE --> textDocument/hover 15 [93m read-unlocked[0m
2021/06/16 10:17:30 [91mIDE <-- LS     CL: ANSWER UNBOUND (15): [0m
2021/06/16 10:17:30 [92mIDE --> LS     CL: REQUEST textDocument/hover 16: [0m
2021/06/16 10:17:30 IDE --> textDocument/hover 16 [93m read-locked[0m
2021/06/16 10:17:30 --> hover(file:///c%3A/Users/lucas/AppData/Local/Arduino15/packages/libs/sketch_jun9a/sketch_jun9a.ino:11:13)
2021/06/16 10:17:30     --> hover(file:///C:/Users/lucas/AppData/Local/Temp/arduino-language-server525289391/sketch/sketch_jun9a.ino.cpp:13:13)
2021/06/16 10:17:30 IDE --> textDocument/hover 16 sent to Clang
2021/06/16 10:17:30 [91mIDE     LS --> CL: REQUEST textDocument/hover 18: [0m
2021/06/16 10:17:30 [92mIDE     LS <-- CL: ANSWER textDocument/hover 18 (18): [0m
2021/06/16 10:17:30 IDE --> textDocument/hover 16 [93m read-unlocked[0m
2021/06/16 10:17:30 [91mIDE <-- LS     CL: ANSWER UNBOUND (16): [0m
2021/06/16 10:17:30 [92mIDE --> LS     CL: REQUEST textDocument/documentHighlight 17: [0m
2021/06/16 10:17:30 IDE --> textDocument/documentHighlight 17 [93m read-locked[0m
2021/06/16 10:17:30 --> textDocument/documentHighlight(file:///c%3A/Users/lucas/AppData/Local/Arduino15/packages/libs/sketch_jun9a/sketch_jun9a.ino:11:14)
2021/06/16 10:17:30     --> textDocument/documentHighlight(file:///C:/Users/lucas/AppData/Local/Temp/arduino-language-server525289391/sketch/sketch_jun9a.ino.cpp:13:14)
2021/06/16 10:17:30 IDE --> textDocument/documentHighlight 17 sent to Clang
2021/06/16 10:17:30 [91mIDE     LS --> CL: REQUEST textDocument/documentHighlight 19: [0m
2021/06/16 10:17:30 [92mIDE     LS <-- CL: ANSWER textDocument/documentHighlight 19 (19): [0m
2021/06/16 10:17:30 IDE --> textDocument/documentHighlight 17 [93m read-unlocked[0m
2021/06/16 10:17:30 [91mIDE <-- LS     CL: ANSWER UNBOUND (17): [0m
2021/06/16 10:17:37 [92mIDE --> LS     CL: REQUEST textDocument/documentHighlight 18: [0m
2021/06/16 10:17:37 IDE --> textDocument/documentHighlight 18 [93m read-locked[0m
2021/06/16 10:17:37 --> textDocument/documentHighlight(file:///c%3A/Users/lucas/AppData/Local/Arduino15/packages/libs/sketch_jun9a/sketch_jun9a.ino:14:19)
2021/06/16 10:17:37     --> textDocument/documentHighlight(file:///C:/Users/lucas/AppData/Local/Temp/arduino-language-server525289391/sketch/sketch_jun9a.ino.cpp:16:19)
2021/06/16 10:17:37 IDE --> textDocument/documentHighlight 18 sent to Clang
2021/06/16 10:17:37 [91mIDE     LS --> CL: REQUEST textDocument/documentHighlight 20: [0m
2021/06/16 10:17:37 [92mIDE     LS <-- CL: ANSWER textDocument/documentHighlight 20 (20): [0m
2021/06/16 10:17:37 IDE --> textDocument/documentHighlight 18 [93m read-unlocked[0m
2021/06/16 10:17:37 [91mIDE <-- LS     CL: ANSWER UNBOUND (18): [0m
2021/06/16 10:18:30 [92mIDE --> LS     CL: REQUEST textDocument/hover 19: [0m
2021/06/16 10:18:30 IDE --> textDocument/hover 19 [93m read-locked[0m
2021/06/16 10:18:30 --> hover(file:///c%3A/Users/lucas/AppData/Local/Arduino15/packages/libs/sketch_jun9a/sketch_jun9a.ino:14:22)
2021/06/16 10:18:30     --> hover(file:///C:/Users/lucas/AppData/Local/Temp/arduino-language-server525289391/sketch/sketch_jun9a.ino.cpp:16:22)
2021/06/16 10:18:30 IDE --> textDocument/hover 19 sent to Clang
2021/06/16 10:18:30 [91mIDE     LS --> CL: REQUEST textDocument/hover 21: [0m
2021/06/16 10:18:30 [92mIDE     LS <-- CL: ANSWER textDocument/hover 21 (21): [0m
2021/06/16 10:18:30 IDE --> textDocument/hover 19 [93m read-unlocked[0m
2021/06/16 10:18:30 [91mIDE <-- LS     CL: ANSWER UNBOUND (19): [0m
2021/06/16 10:18:32 [92mIDE --> LS     CL: REQUEST textDocument/hover 20: [0m
2021/06/16 10:18:32 IDE --> textDocument/hover 20 [93m read-locked[0m
2021/06/16 10:18:32 --> hover(file:///c%3A/Users/lucas/AppData/Local/Arduino15/packages/libs/sketch_jun9a/sketch_jun9a.ino:14:33)
2021/06/16 10:18:32     --> hover(file:///C:/Users/lucas/AppData/Local/Temp/arduino-language-server525289391/sketch/sketch_jun9a.ino.cpp:16:33)
2021/06/16 10:18:32 IDE --> textDocument/hover 20 sent to Clang
2021/06/16 10:18:32 [91mIDE     LS --> CL: REQUEST textDocument/hover 22: [0m
2021/06/16 10:18:32 [92mIDE     LS <-- CL: ANSWER textDocument/hover 22 (22): [0m
2021/06/16 10:18:32 IDE --> textDocument/hover 20 [93m read-unlocked[0m
2021/06/16 10:18:32 [91mIDE <-- LS     CL: ANSWER UNBOUND (20): [0m
2021/06/16 10:18:49 [92mIDE --> LS     CL: REQUEST textDocument/hover 21: [0m
2021/06/16 10:18:49 IDE --> textDocument/hover 21 [93m read-locked[0m
2021/06/16 10:18:49 --> hover(file:///c%3A/Users/lucas/AppData/Local/Arduino15/packages/libs/sketch_jun9a/sketch_jun9a.ino:15:27)
2021/06/16 10:18:49     --> hover(file:///C:/Users/lucas/AppData/Local/Temp/arduino-language-server525289391/sketch/sketch_jun9a.ino.cpp:17:27)
2021/06/16 10:18:49 IDE --> textDocument/hover 21 sent to Clang
2021/06/16 10:18:49 [91mIDE     LS --> CL: REQUEST textDocument/hover 23: [0m
2021/06/16 10:18:49 [92mIDE     LS <-- CL: ANSWER textDocument/hover 23 (23): [0m
2021/06/16 10:18:49 IDE --> textDocument/hover 21 [93m read-unlocked[0m
2021/06/16 10:18:49 [91mIDE <-- LS     CL: ANSWER UNBOUND (21): [0m
2021/06/16 10:19:03 [92mIDE --> LS     CL: REQUEST textDocument/documentHighlight 22: [0m
2021/06/16 10:19:03 IDE --> textDocument/documentHighlight 22 [93m read-locked[0m
2021/06/16 10:19:03 --> textDocument/documentHighlight(file:///c%3A/Users/lucas/AppData/Local/Arduino15/packages/libs/sketch_jun9a/sketch_jun9a.ino:15:8)
2021/06/16 10:19:03     --> textDocument/documentHighlight(file:///C:/Users/lucas/AppData/Local/Temp/arduino-language-server525289391/sketch/sketch_jun9a.ino.cpp:17:8)
2021/06/16 10:19:03 IDE --> textDocument/documentHighlight 22 sent to Clang
2021/06/16 10:19:03 [91mIDE     LS --> CL: REQUEST textDocument/documentHighlight 24: [0m
2021/06/16 10:19:03 [92mIDE     LS <-- CL: ANSWER textDocument/documentHighlight 24 (24): [0m
2021/06/16 10:19:03 IDE --> textDocument/documentHighlight 22 [93m read-unlocked[0m
2021/06/16 10:19:03 [91mIDE <-- LS     CL: ANSWER UNBOUND (22): [0m
2021/06/16 10:19:06 [92mIDE --> LS     CL: REQUEST textDocument/hover 23: [0m
2021/06/16 10:19:06 IDE --> textDocument/hover 23 [93m read-locked[0m
2021/06/16 10:19:06 --> hover(file:///c%3A/Users/lucas/AppData/Local/Arduino15/packages/libs/sketch_jun9a/sketch_jun9a.ino:0:17)
2021/06/16 10:19:06     --> hover(file:///C:/Users/lucas/AppData/Local/Temp/arduino-language-server525289391/sketch/sketch_jun9a.ino.cpp:2:17)
2021/06/16 10:19:06 IDE --> textDocument/hover 23 sent to Clang
2021/06/16 10:19:06 [91mIDE     LS --> CL: REQUEST textDocument/hover 25: [0m
2021/06/16 10:19:06 [92mIDE     LS <-- CL: ANSWER textDocument/hover 25 (25): [0m
2021/06/16 10:19:06 IDE --> textDocument/hover 23 [93m read-unlocked[0m
2021/06/16 10:19:06 [91mIDE <-- LS     CL: ANSWER UNBOUND (23): [0m
2021/06/16 10:19:26 [92mIDE --> LS     CL: REQUEST shutdown 24: [0m
2021/06/16 10:19:26 IDE --> shutdown 24 [93m read-locked[0m
2021/06/16 10:19:26 IDE --> shutdown 24 sent to Clang
2021/06/16 10:19:26 [91mIDE     LS --> CL: REQUEST shutdown 26: [0m
2021/06/16 10:19:26 [92mIDE     LS <-- CL: ANSWER shutdown 26 (26): [0m
2021/06/16 10:19:26 IDE --> shutdown 24 [93m read-unlocked[0m
2021/06/16 10:19:26 [91mIDE <-- LS     CL: ANSWER UNBOUND (24): [0m
2021/06/16 10:19:26 [92mIDE --> LS     CL: NOTIFICATION exit: [0m
2021/06/16 10:19:26 IDE --> exit notif3 [93m read-locked[0m
2021/06/16 10:19:26 IDE --> exit notif3 sent to Clang
2021/06/16 10:19:26 [91mIDE     LS --> CL: NOTIFICATION exit: [0m
2021/06/16 10:19:26 IDE --> exit notif3 [93m read-unlocked[0m
2021/06/16 10:19:26 Lost connection with clangd!
2021/06/16 10:19:26 removing buildpath
