






Started logging.
I[10:16:07.237] clangd version 12.0.0 (https://github.com/llvm/llvm-project e841bd5f335864b8c4d81cbf4df08460ef39f2ae)
I[10:16:07.238] PID: 8324
I[10:16:07.238] Working directory: c:\Users\lucas\AppData\Local\Arduino15\packages\libs\sketch_jun9a
I[10:16:07.238] argv[0]: c:\Users\lucas\AppData\Local\Programs\Arduino IDE\resources\app\node_modules\arduino-ide-extension\build\bin\clangd.exe
I[10:16:07.238] argv[1]: -log=verbose
I[10:16:07.238] argv[2]: --compile-commands-dir=C:\Users\lucas\AppData\Local\Temp\arduino-language-server525289391
I[10:16:07.238] argv[3]: -query-driver=C:\Users\lucas\AppData\Local\Arduino15\packages\**
V[10:16:07.243] User config file is C:\Users\lucas\AppData\Local\clangd\config.yaml
I[10:16:07.244] Starting LSP over stdin/stdout
V[10:16:07.254] <<< {"id":0,"jsonrpc":"2.0","method":"initialize","params":{"capabilities":{"textDocument":{"codeAction":{"codeActionLiteralSupport":{"codeActionKind":{"valueSet":["","quickfix","refactor","refactor.extract","refactor.inline","refactor.rewrite","source","source.organizeImports"]}},"dynamicRegistration":true,"isPreferredSupport":true},"colorProvider":{"dynamicRegistration":true},"completion":{"completionItem":{"documentationFormat":["markdown","plaintext"],"snippetSupport":true},"completionItemKind":{"valueSet":[1,2,3,4,5,6,7,8,9,10,11,12,13,14,15,16,17,18,19,20,21,22,23,24,25]},"contextSupport":true},"declaration":{"linkSupport":true},"definition":{"linkSupport":true},"documentLink":{"dynamicRegistration":true,"tooltipSupport":true},"documentSymbol":{"hierarchicalDocumentSymbolSupport":true,"symbolKind":{"valueSet":[1,2,3,4,5,6,7,8,9,10,11,12,13,14,15,16,17,18,19,20,21,22,23,24,25,26]}},"foldingRange":{"dynamicRegistration":true,"lineFoldingOnly":true,"rangeLimit":5000},"formatting":{"dynamicRegistration":true},"hover":{"contentFormat":["markdown","plaintext"]},"implementation":{"dynamicRegistration":true,"linkSupport":true},"rangeFormatting":{"dynamicRegistration":true},"rename":{"dynamicRegistration":true,"prepareSupport":true},"signatureHelp":{"signatureInformation":{"parameterInformation":{"labelOffsetSupport":true}}},"synchronization":{"didSave":true,"willSave":true,"willSaveWaitUntil":true},"typeDefinition":{"linkSupport":true}},"window":{"workDoneProgress":true},"workspace":{"applyEdit":true,"configuration":true,"didChangeWatchedFiles":{"dynamicRegistration":true},"executeCommand":{"dynamicRegistration":true},"symbol":{"symbolKind":{"valueSet":[1,2,3,4,5,6,7,8,9,10,11,12,13,14,15,16,17,18,19,20,21,22,23,24,25,26]}},"workspaceEdit":{"documentChanges":true,"resourceOperations":["create","rename","delete"]},"workspaceFolders":true}},"clientInfo":{"name":"vscode","version":"1.50.0"},"initializationOptions":{},"processId":21320,"rootPath":"C:\\Users\\lucas\\AppData\\Local\\Temp\\arduino-language-server525289391\\sketch","rootUri":"file:///C:/Users/lucas/AppData/Local/Temp/arduino-language-server525289391/sketch","trace":"off"}}

I[10:16:07.254] <-- initialize(0)
I[10:16:07.275] --> reply:initialize(0) 20 ms
V[10:16:07.275] >>> {"id":0,"jsonrpc":"2.0","result":{"capabilities":{"astProvider":true,"callHierarchyProvider":true,"codeActionProvider":{"codeActionKinds":["quickfix","refactor","info"]},"compilationDatabase":{"automaticReload":true},"completionProvider":{"allCommitCharacters":[" ","\t","(",")","[","]","{","}","<",">",":",";",",","+","-","/","*","%","^","&","#","?",".","=","\"","'","|"],"resolveProvider":false,"triggerCharacters":[".","<",">",":","\"","/"]},"declarationProvider":true,"definitionProvider":true,"documentFormattingProvider":true,"documentHighlightProvider":true,"documentLinkProvider":{"resolveProvider":false},"documentOnTypeFormattingProvider":{"firstTriggerCharacter":"\n","moreTriggerCharacter":[]},"documentRangeFormattingProvider":true,"documentSymbolProvider":true,"executeCommandProvider":{"commands":["clangd.applyFix","clangd.applyTweak"]},"hoverProvider":true,"implementationProvider":true,"memoryUsageProvider":true,"referencesProvider":true,"renameProvider":{"prepareProvider":true},"selectionRangeProvider":true,"semanticTokensProvider":{"full":{"delta":true},"legend":{"tokenModifiers":[],"tokenTypes":["variable","variable","parameter","function","method","function","property","variable","class","enum","enumMember","type","dependent","dependent","namespace","typeParameter","concept","type","macro","comment"]},"range":false},"signatureHelpProvider":{"triggerCharacters":["(",","]},"textDocumentSync":{"change":2,"openClose":true,"save":true},"typeHierarchyProvider":true,"workspaceSymbolProvider":true},"serverInfo":{"name":"clangd","version":"clangd version 12.0.0 (https://github.com/llvm/llvm-project e841bd5f335864b8c4d81cbf4df08460ef39f2ae)"}}}

V[10:16:07.276] <<< {"jsonrpc":"2.0","method":"initialized","params":{}}

I[10:16:07.276] <-- initialized
V[10:16:07.278] <<< {"jsonrpc":"2.0","method":"textDocument/didOpen","params":{"textDocument":{"languageId":"cpp","text":"#include <Arduino.h>\n#line 1 \"C:\\\\Users\\\\lucas\\\\AppData\\\\Local\\\\Arduino15\\\\packages\\\\libs\\\\sketch_jun9a\\\\sketch_jun9a.ino\"\n#include <Particle.h>\n#include <WiFi.h>\n#include <WebServer.h>\n#include <DNSServer.h>\n#include <WiFiManager.h>\n\nint fsrAnalogePin = 0; // FSR is verbonden met analoog 0\nint fsrWaarde = 0; // De analoge waarde van de fsr spanningdeler\n\nvoid setup() {\n \n  Serial.begin(115200);\n  WiFiManager wifiManager;\n  wifiManager.setAPCallback(configModeCallback); \n  wifiManager.setSaveConfigCallback(saveConfigCallback); \n  wifiManager.autoConnect(); \n  delay(5000);\n \n}\n \nvoid loop() {\nfsrWaarde = analogRead(fsrAnalogePin);\nSerial.print(\"Analoge waarde = \"); // print 'Analoge waarde'\nSerial.println(fsrWaarde); // print de fsrwaarde op de monitor\ndelay(200);\n}\n","uri":"file:///C:/Users/lucas/AppData/Local/Temp/arduino-language-server525289391/sketch/sketch_jun9a.ino.cpp","version":1}}}

I[10:16:07.278] <-- textDocument/didOpen
V[10:16:07.280] <<< {"id":1,"jsonrpc":"2.0","method":"textDocument/documentSymbol","params":{"textDocument":{"uri":"file:///C:/Users/lucas/AppData/Local/Temp/arduino-language-server525289391/sketch/sketch_jun9a.ino.cpp"}}}

I[10:16:07.280] <-- textDocument/documentSymbol(1)
I[10:16:07.283] Loaded compilation database from C:\Users\lucas\AppData\Local\Temp\arduino-language-server525289391\compile_commands.json
V[10:16:07.283] Broadcasting compilation database from C:\Users\lucas\AppData\Local\Temp\arduino-language-server525289391
I[10:16:07.284] --> window/workDoneProgress/create(0)
V[10:16:07.284] >>> {"id":0,"jsonrpc":"2.0","method":"window/workDoneProgress/create","params":{"token":"backgroundIndexProgress"}}

I[10:16:07.284] Enqueueing 0 commands for indexing
I[10:16:07.284] ASTWorker building file C:\Users\lucas\AppData\Local\Temp\arduino-language-server525289391\sketch\sketch_jun9a.ino.cpp version 1 with command clangd fallback
[C:\Users\lucas\AppData\Local\Temp\arduino-language-server525289391\sketch]
c:\Users\lucas\AppData\Local\Programs\Arduino IDE\resources\app\node_modules\arduino-ide-extension\build\bin\clang C:\Users\lucas\AppData\Local\Temp\arduino-language-server525289391\sketch\sketch_jun9a.ino.cpp -fsyntax-only -resource-dir=c:\Users\lucas\AppData\Local\Programs\Arduino IDE\resources\app\node_modules\arduino-ide-extension\build\lib\clang\12.0.0
V[10:16:07.284] <<< {"id":0,"jsonrpc":"2.0","result":null}

I[10:16:07.284] <-- reply(0)
I[10:16:07.285] --> $/progress
V[10:16:07.285] >>> {"jsonrpc":"2.0","method":"$/progress","params":{"token":"backgroundIndexProgress","value":{"kind":"begin","percentage":0,"title":"indexing"}}}

I[10:16:07.285] --> $/progress
V[10:16:07.285] >>> {"jsonrpc":"2.0","method":"$/progress","params":{"token":"backgroundIndexProgress","value":{"kind":"report","message":"0/1","percentage":0}}}

I[10:16:07.285] --> $/progress
V[10:16:07.285] >>> {"jsonrpc":"2.0","method":"$/progress","params":{"token":"backgroundIndexProgress","value":{"kind":"report","message":"0/1","percentage":0}}}

I[10:16:07.285] --> $/progress
V[10:16:07.285] >>> {"jsonrpc":"2.0","method":"$/progress","params":{"token":"backgroundIndexProgress","value":{"kind":"end"}}}

V[10:16:07.394] Driver produced command: cc1 -cc1 -triple x86_64-pc-windows-msvc19.11.0 -fsyntax-only -disable-free -disable-llvm-verifier -discard-value-names -main-file-name sketch_jun9a.ino.cpp -mrelocation-model pic -pic-level 2 -mframe-pointer=none -fmath-errno -fno-rounding-math -mconstructor-aliases -munwind-tables -target-cpu x86-64 -tune-cpu generic -resource-dir c:\Users\lucas\AppData\Local\Programs\Arduino IDE\resources\app\node_modules\arduino-ide-extension\build\lib\clang\12.0.0 -internal-isystem c:\Users\lucas\AppData\Local\Programs\Arduino IDE\resources\app\node_modules\arduino-ide-extension\build\lib\clang\12.0.0\include -internal-isystem C:/Program Files/Microsoft Visual Studio 10.0/VC/include -internal-isystem C:/Program Files/Microsoft Visual Studio 9.0/VC/include -internal-isystem C:/Program Files/Microsoft Visual Studio 9.0/VC/PlatformSDK/Include -internal-isystem C:/Program Files/Microsoft Visual Studio 8/VC/include -internal-isystem C:/Program Files/Microsoft Visual Studio 8/VC/PlatformSDK/Include -fdeprecated-macro -fdebug-compilation-dir C:\Users\lucas\AppData\Local\Temp\arduino-language-server525289391\sketch -ferror-limit 19 -fno-use-cxa-atexit -fms-extensions -fms-compatibility -fms-compatibility-version=19.11 -std=c++14 -fdelayed-template-parsing -fcxx-exceptions -fexceptions -faddrsig -x c++ C:\Users\lucas\AppData\Local\Temp\arduino-language-server525289391\sketch\sketch_jun9a.ino.cpp
V[10:16:07.394] Building first preamble for C:\Users\lucas\AppData\Local\Temp\arduino-language-server525289391\sketch\sketch_jun9a.ino.cpp version 1
V[10:16:07.440] indexed preamble AST for C:\Users\lucas\AppData\Local\Temp\arduino-language-server525289391\sketch\sketch_jun9a.ino.cpp version 1:
  symbol slab: 0 symbols, 128 bytes
  ref slab: 0 symbols, 0 refs, 136 bytes
  relations slab: 0 relations, 24 bytes
V[10:16:07.448] Built preamble of size 222176 for file C:\Users\lucas\AppData\Local\Temp\arduino-language-server525289391\sketch\sketch_jun9a.ino.cpp version 1
V[10:16:07.518] Trying to fix unresolved name "Serial" in scopes: []
V[10:16:07.520] Trying to fix unresolved name "WiFiManager" in scopes: []
V[10:16:07.523] Trying to fix unresolved name "configModeCallback" in scopes: []
V[10:16:07.524] Trying to fix unresolved name "saveConfigCallback" in scopes: []
V[10:16:07.526] Trying to fix unresolved name "delay" in scopes: []
V[10:16:07.528] Trying to fix unresolved name "analogRead" in scopes: []
V[10:16:07.528] Trying to fix unresolved name "Serial" in scopes: []
V[10:16:07.528] Trying to fix unresolved name "Serial" in scopes: []
V[10:16:07.529] Trying to fix unresolved name "delay" in scopes: []
V[10:16:07.536] indexed file AST for C:\Users\lucas\AppData\Local\Temp\arduino-language-server525289391\sketch\sketch_jun9a.ino.cpp version 1:
  symbol slab: 4 symbols, 5152 bytes
  ref slab: 4 symbols, 6 refs, 4328 bytes
  relations slab: 0 relations, 24 bytes
V[10:16:07.536] Build dynamic index for main-file symbols with estimated memory usage of 13160 bytes
I[10:16:07.536] --> textDocument/publishDiagnostics
V[10:16:07.536] >>> {"jsonrpc":"2.0","method":"textDocument/publishDiagnostics","params":{"diagnostics":[{"code":"pp_file_not_found","message":"'Arduino.h' file not found","range":{"end":{"character":20,"line":0},"start":{"character":9,"line":0}},"severity":1,"source":"clang"},{"code":"undeclared_var_use","message":"Use of undeclared identifier 'Serial'","range":{"end":{"character":8,"line":13},"start":{"character":2,"line":13}},"severity":1,"source":"clang"},{"code":"unknown_typename","message":"Unknown type name 'WiFiManager'","range":{"end":{"character":13,"line":14},"start":{"character":2,"line":14}},"severity":1,"source":"clang"},{"code":"undeclared_var_use","message":"Use of undeclared identifier 'configModeCallback'","range":{"end":{"character":46,"line":15},"start":{"character":28,"line":15}},"severity":1,"source":"clang"},{"code":"undeclared_var_use","message":"Use of undeclared identifier 'saveConfigCallback'","range":{"end":{"character":54,"line":16},"start":{"character":36,"line":16}},"severity":1,"source":"clang"},{"code":"undeclared_var_use","message":"Use of undeclared identifier 'delay'","range":{"end":{"character":7,"line":18},"start":{"character":2,"line":18}},"severity":1,"source":"clang"},{"code":"undeclared_var_use","message":"Use of undeclared identifier 'analogRead'","range":{"end":{"character":22,"line":23},"start":{"character":12,"line":23}},"severity":1,"source":"clang"},{"code":"undeclared_var_use","message":"Use of undeclared identifier 'Serial'","range":{"end":{"character":6,"line":24},"start":{"character":0,"line":24}},"severity":1,"source":"clang"},{"code":"undeclared_var_use","message":"Use of undeclared identifier 'Serial'","range":{"end":{"character":6,"line":25},"start":{"character":0,"line":25}},"severity":1,"source":"clang"},{"code":"undeclared_var_use","message":"Use of undeclared identifier 'delay'","range":{"end":{"character":5,"line":26},"start":{"character":0,"line":26}},"severity":1,"source":"clang"}],"uri":"file:///C:/Users/lucas/AppData/Local/Temp/arduino-language-server525289391/sketch/sketch_jun9a.ino.cpp","version":1}}

V[10:16:07.537] ASTWorker running DocumentSymbols on version 1 of C:\Users\lucas\AppData\Local\Temp\arduino-language-server525289391\sketch\sketch_jun9a.ino.cpp
I[10:16:07.537] --> reply:textDocument/documentSymbol(1) 256 ms
V[10:16:07.537] >>> {"id":1,"jsonrpc":"2.0","result":[{"kind":13,"name":"fsrAnalogePin","range":{"end":{"character":21,"line":8},"start":{"character":0,"line":8}},"selectionRange":{"end":{"character":17,"line":8},"start":{"character":4,"line":8}}},{"kind":13,"name":"fsrWaarde","range":{"end":{"character":17,"line":9},"start":{"character":0,"line":9}},"selectionRange":{"end":{"character":13,"line":9},"start":{"character":4,"line":9}}},{"kind":12,"name":"setup","range":{"end":{"character":1,"line":20},"start":{"character":0,"line":11}},"selectionRange":{"end":{"character":10,"line":11},"start":{"character":5,"line":11}}},{"kind":12,"name":"loop","range":{"end":{"character":1,"line":27},"start":{"character":0,"line":22}},"selectionRange":{"end":{"character":9,"line":22},"start":{"character":5,"line":22}}}]}

V[10:17:14.897] <<< {"id":2,"jsonrpc":"2.0","method":"textDocument/hover","params":{"position":{"character":7,"line":25},"textDocument":{"uri":"file:///C:/Users/lucas/AppData/Local/Temp/arduino-language-server525289391/sketch/sketch_jun9a.ino.cpp"}}}

I[10:17:14.897] <-- textDocument/hover(2)
V[10:17:14.899] ASTWorker running Hover on version 1 of C:\Users\lucas\AppData\Local\Temp\arduino-language-server525289391\sketch\sketch_jun9a.ino.cpp
I[10:17:14.900] --> reply:textDocument/hover(2) 2 ms
V[10:17:14.900] >>> {"id":2,"jsonrpc":"2.0","result":null}

V[10:17:14.901] <<< {"id":3,"jsonrpc":"2.0","method":"textDocument/documentSymbol","params":{"textDocument":{"uri":"file:///C:/Users/lucas/AppData/Local/Temp/arduino-language-server525289391/sketch/sketch_jun9a.ino.cpp"}}}

I[10:17:14.901] <-- textDocument/documentSymbol(3)
V[10:17:14.901] ASTWorker running DocumentSymbols on version 1 of C:\Users\lucas\AppData\Local\Temp\arduino-language-server525289391\sketch\sketch_jun9a.ino.cpp
I[10:17:14.901] --> reply:textDocument/documentSymbol(3) 0 ms
V[10:17:14.901] >>> {"id":3,"jsonrpc":"2.0","result":[{"kind":13,"name":"fsrAnalogePin","range":{"end":{"character":21,"line":8},"start":{"character":0,"line":8}},"selectionRange":{"end":{"character":17,"line":8},"start":{"character":4,"line":8}}},{"kind":13,"name":"fsrWaarde","range":{"end":{"character":17,"line":9},"start":{"character":0,"line":9}},"selectionRange":{"end":{"character":13,"line":9},"start":{"character":4,"line":9}}},{"kind":12,"name":"setup","range":{"end":{"character":1,"line":20},"start":{"character":0,"line":11}},"selectionRange":{"end":{"character":10,"line":11},"start":{"character":5,"line":11}}},{"kind":12,"name":"loop","range":{"end":{"character":1,"line":27},"start":{"character":0,"line":22}},"selectionRange":{"end":{"character":9,"line":22},"start":{"character":5,"line":22}}}]}

V[10:17:15.918] <<< {"id":4,"jsonrpc":"2.0","method":"textDocument/documentHighlight","params":{"position":{"character":16,"line":25},"textDocument":{"uri":"file:///C:/Users/lucas/AppData/Local/Temp/arduino-language-server525289391/sketch/sketch_jun9a.ino.cpp"}}}

I[10:17:15.918] <-- textDocument/documentHighlight(4)
V[10:17:15.918] ASTWorker running Highlights on version 1 of C:\Users\lucas\AppData\Local\Temp\arduino-language-server525289391\sketch\sketch_jun9a.ino.cpp
I[10:17:15.918] --> reply:textDocument/documentHighlight(4) 0 ms
V[10:17:15.918] >>> {"id":4,"jsonrpc":"2.0","result":[]}

V[10:17:16.294] <<< {"id":5,"jsonrpc":"2.0","method":"textDocument/documentHighlight","params":{"position":{"character":15,"line":23},"textDocument":{"uri":"file:///C:/Users/lucas/AppData/Local/Temp/arduino-language-server525289391/sketch/sketch_jun9a.ino.cpp"}}}

I[10:17:16.294] <-- textDocument/documentHighlight(5)
V[10:17:16.294] ASTWorker running Highlights on version 1 of C:\Users\lucas\AppData\Local\Temp\arduino-language-server525289391\sketch\sketch_jun9a.ino.cpp
I[10:17:16.294] --> reply:textDocument/documentHighlight(5) 0 ms
V[10:17:16.294] >>> {"id":5,"jsonrpc":"2.0","result":[]}

V[10:17:17.970] <<< {"id":6,"jsonrpc":"2.0","method":"textDocument/hover","params":{"position":{"character":28,"line":15},"textDocument":{"uri":"file:///C:/Users/lucas/AppData/Local/Temp/arduino-language-server525289391/sketch/sketch_jun9a.ino.cpp"}}}

I[10:17:17.970] <-- textDocument/hover(6)
V[10:17:17.970] ASTWorker running Hover on version 1 of C:\Users\lucas\AppData\Local\Temp\arduino-language-server525289391\sketch\sketch_jun9a.ino.cpp
I[10:17:17.971] --> reply:textDocument/hover(6) 1 ms
V[10:17:17.971] >>> {"id":6,"jsonrpc":"2.0","result":null}

V[10:17:18.957] <<< {"id":7,"jsonrpc":"2.0","method":"textDocument/hover","params":{"position":{"character":28,"line":17},"textDocument":{"uri":"file:///C:/Users/lucas/AppData/Local/Temp/arduino-language-server525289391/sketch/sketch_jun9a.ino.cpp"}}}

I[10:17:18.957] <-- textDocument/hover(7)
V[10:17:18.958] ASTWorker running Hover on version 1 of C:\Users\lucas\AppData\Local\Temp\arduino-language-server525289391\sketch\sketch_jun9a.ino.cpp
I[10:17:18.959] --> reply:textDocument/hover(7) 1 ms
V[10:17:18.959] >>> {"id":7,"jsonrpc":"2.0","result":null}

V[10:17:20.117] <<< {"id":8,"jsonrpc":"2.0","method":"textDocument/hover","params":{"position":{"character":17,"line":24},"textDocument":{"uri":"file:///C:/Users/lucas/AppData/Local/Temp/arduino-language-server525289391/sketch/sketch_jun9a.ino.cpp"}}}

I[10:17:20.117] <-- textDocument/hover(8)
V[10:17:20.119] ASTWorker running Hover on version 1 of C:\Users\lucas\AppData\Local\Temp\arduino-language-server525289391\sketch\sketch_jun9a.ino.cpp
I[10:17:20.120] --> reply:textDocument/hover(8) 2 ms
V[10:17:20.120] >>> {"id":8,"jsonrpc":"2.0","result":null}

V[10:17:20.948] <<< {"id":9,"jsonrpc":"2.0","method":"textDocument/hover","params":{"position":{"character":19,"line":24},"textDocument":{"uri":"file:///C:/Users/lucas/AppData/Local/Temp/arduino-language-server525289391/sketch/sketch_jun9a.ino.cpp"}}}

I[10:17:20.948] <-- textDocument/hover(9)
V[10:17:20.948] ASTWorker running Hover on version 1 of C:\Users\lucas\AppData\Local\Temp\arduino-language-server525289391\sketch\sketch_jun9a.ino.cpp
I[10:17:20.949] --> reply:textDocument/hover(9) 0 ms
V[10:17:20.949] >>> {"id":9,"jsonrpc":"2.0","result":null}

V[10:17:21.103] <<< {"id":10,"jsonrpc":"2.0","method":"textDocument/documentHighlight","params":{"position":{"character":21,"line":23},"textDocument":{"uri":"file:///C:/Users/lucas/AppData/Local/Temp/arduino-language-server525289391/sketch/sketch_jun9a.ino.cpp"}}}

I[10:17:21.103] <-- textDocument/documentHighlight(10)
V[10:17:21.103] ASTWorker running Highlights on version 1 of C:\Users\lucas\AppData\Local\Temp\arduino-language-server525289391\sketch\sketch_jun9a.ino.cpp
I[10:17:21.103] --> reply:textDocument/documentHighlight(10) 0 ms
V[10:17:21.103] >>> {"id":10,"jsonrpc":"2.0","result":[]}

V[10:17:23.124] <<< {"id":11,"jsonrpc":"2.0","method":"textDocument/hover","params":{"position":{"character":21,"line":17},"textDocument":{"uri":"file:///C:/Users/lucas/AppData/Local/Temp/arduino-language-server525289391/sketch/sketch_jun9a.ino.cpp"}}}

I[10:17:23.124] <-- textDocument/hover(11)
V[10:17:23.124] ASTWorker running Hover on version 1 of C:\Users\lucas\AppData\Local\Temp\arduino-language-server525289391\sketch\sketch_jun9a.ino.cpp
I[10:17:23.125] --> reply:textDocument/hover(11) 1 ms
V[10:17:23.125] >>> {"id":11,"jsonrpc":"2.0","result":null}

V[10:17:23.234] <<< {"id":12,"jsonrpc":"2.0","method":"textDocument/documentHighlight","params":{"position":{"character":22,"line":17},"textDocument":{"uri":"file:///C:/Users/lucas/AppData/Local/Temp/arduino-language-server525289391/sketch/sketch_jun9a.ino.cpp"}}}

I[10:17:23.234] <-- textDocument/documentHighlight(12)
V[10:17:23.234] ASTWorker running Highlights on version 1 of C:\Users\lucas\AppData\Local\Temp\arduino-language-server525289391\sketch\sketch_jun9a.ino.cpp
I[10:17:23.234] --> reply:textDocument/documentHighlight(12) 0 ms
V[10:17:23.234] >>> {"id":12,"jsonrpc":"2.0","result":[]}

V[10:17:23.666] <<< {"id":13,"jsonrpc":"2.0","method":"textDocument/documentHighlight","params":{"position":{"character":22,"line":16},"textDocument":{"uri":"file:///C:/Users/lucas/AppData/Local/Temp/arduino-language-server525289391/sketch/sketch_jun9a.ino.cpp"}}}

I[10:17:23.666] <-- textDocument/documentHighlight(13)
V[10:17:23.666] ASTWorker running Highlights on version 1 of C:\Users\lucas\AppData\Local\Temp\arduino-language-server525289391\sketch\sketch_jun9a.ino.cpp
I[10:17:23.666] --> reply:textDocument/documentHighlight(13) 0 ms
V[10:17:23.666] >>> {"id":13,"jsonrpc":"2.0","result":[]}

V[10:17:24.412] <<< {"id":14,"jsonrpc":"2.0","method":"textDocument/hover","params":{"position":{"character":14,"line":11},"textDocument":{"uri":"file:///C:/Users/lucas/AppData/Local/Temp/arduino-language-server525289391/sketch/sketch_jun9a.ino.cpp"}}}

I[10:17:24.412] <-- textDocument/hover(14)
V[10:17:24.412] ASTWorker running Hover on version 1 of C:\Users\lucas\AppData\Local\Temp\arduino-language-server525289391\sketch\sketch_jun9a.ino.cpp
I[10:17:24.413] --> reply:textDocument/hover(14) 1 ms
V[10:17:24.413] >>> {"id":14,"jsonrpc":"2.0","result":null}

V[10:17:28.942] <<< {"id":15,"jsonrpc":"2.0","method":"textDocument/hover","params":{"position":{"character":13,"line":2},"textDocument":{"uri":"file:///C:/Users/lucas/AppData/Local/Temp/arduino-language-server525289391/sketch/sketch_jun9a.ino.cpp"}}}

I[10:17:28.942] <-- textDocument/hover(15)
V[10:17:28.944] ASTWorker running Hover on version 1 of C:\Users\lucas\AppData\Local\Temp\arduino-language-server525289391\sketch\sketch_jun9a.ino.cpp
I[10:17:28.944] --> reply:textDocument/hover(15) 1 ms
V[10:17:28.945] >>> {"id":15,"jsonrpc":"2.0","result":null}

V[10:17:29.391] <<< {"id":16,"jsonrpc":"2.0","method":"textDocument/hover","params":{"position":{"character":12,"line":2},"textDocument":{"uri":"file:///C:/Users/lucas/AppData/Local/Temp/arduino-language-server525289391/sketch/sketch_jun9a.ino.cpp"}}}

I[10:17:29.391] <-- textDocument/hover(16)
V[10:17:29.391] ASTWorker running Hover on version 1 of C:\Users\lucas\AppData\Local\Temp\arduino-language-server525289391\sketch\sketch_jun9a.ino.cpp
I[10:17:29.393] --> reply:textDocument/hover(16) 1 ms
V[10:17:29.393] >>> {"id":16,"jsonrpc":"2.0","result":null}

V[10:17:30.034] <<< {"id":17,"jsonrpc":"2.0","method":"textDocument/hover","params":{"position":{"character":18,"line":8},"textDocument":{"uri":"file:///C:/Users/lucas/AppData/Local/Temp/arduino-language-server525289391/sketch/sketch_jun9a.ino.cpp"}}}

I[10:17:30.034] <-- textDocument/hover(17)
V[10:17:30.034] ASTWorker running Hover on version 1 of C:\Users\lucas\AppData\Local\Temp\arduino-language-server525289391\sketch\sketch_jun9a.ino.cpp
I[10:17:30.038] --> reply:textDocument/hover(17) 4 ms
V[10:17:30.039] >>> {"id":17,"jsonrpc":"2.0","result":{"contents":{"kind":"markdown","value":"### variable `fsrAnalogePin`  \n\n---\nType: `int`  \nValue = `0`  \nFSR is verbonden met analoog 0  \n\n---\n```cpp\nint fsrAnalogePin = 0\n```"},"range":{"end":{"character":19,"line":8},"start":{"character":18,"line":8}}}}

V[10:17:30.671] <<< {"id":18,"jsonrpc":"2.0","method":"textDocument/hover","params":{"position":{"character":13,"line":13},"textDocument":{"uri":"file:///C:/Users/lucas/AppData/Local/Temp/arduino-language-server525289391/sketch/sketch_jun9a.ino.cpp"}}}

I[10:17:30.671] <-- textDocument/hover(18)
V[10:17:30.671] ASTWorker running Hover on version 1 of C:\Users\lucas\AppData\Local\Temp\arduino-language-server525289391\sketch\sketch_jun9a.ino.cpp
I[10:17:30.672] --> reply:textDocument/hover(18) 1 ms
V[10:17:30.672] >>> {"id":18,"jsonrpc":"2.0","result":null}

V[10:17:30.749] <<< {"id":19,"jsonrpc":"2.0","method":"textDocument/documentHighlight","params":{"position":{"character":14,"line":13},"textDocument":{"uri":"file:///C:/Users/lucas/AppData/Local/Temp/arduino-language-server525289391/sketch/sketch_jun9a.ino.cpp"}}}

I[10:17:30.749] <-- textDocument/documentHighlight(19)
V[10:17:30.749] ASTWorker running Highlights on version 1 of C:\Users\lucas\AppData\Local\Temp\arduino-language-server525289391\sketch\sketch_jun9a.ino.cpp
I[10:17:30.749] --> reply:textDocument/documentHighlight(19) 0 ms
V[10:17:30.749] >>> {"id":19,"jsonrpc":"2.0","result":[]}

V[10:17:37.540] <<< {"id":20,"jsonrpc":"2.0","method":"textDocument/documentHighlight","params":{"position":{"character":19,"line":16},"textDocument":{"uri":"file:///C:/Users/lucas/AppData/Local/Temp/arduino-language-server525289391/sketch/sketch_jun9a.ino.cpp"}}}

I[10:17:37.540] <-- textDocument/documentHighlight(20)
V[10:17:37.541] ASTWorker running Highlights on version 1 of C:\Users\lucas\AppData\Local\Temp\arduino-language-server525289391\sketch\sketch_jun9a.ino.cpp
I[10:17:37.541] --> reply:textDocument/documentHighlight(20) 1 ms
V[10:17:37.541] >>> {"id":20,"jsonrpc":"2.0","result":[]}

V[10:18:30.671] <<< {"id":21,"jsonrpc":"2.0","method":"textDocument/hover","params":{"position":{"character":22,"line":16},"textDocument":{"uri":"file:///C:/Users/lucas/AppData/Local/Temp/arduino-language-server525289391/sketch/sketch_jun9a.ino.cpp"}}}

I[10:18:30.671] <-- textDocument/hover(21)
V[10:18:30.672] ASTWorker running Hover on version 1 of C:\Users\lucas\AppData\Local\Temp\arduino-language-server525289391\sketch\sketch_jun9a.ino.cpp
I[10:18:30.673] --> reply:textDocument/hover(21) 1 ms
V[10:18:30.673] >>> {"id":21,"jsonrpc":"2.0","result":null}

V[10:18:32.653] <<< {"id":22,"jsonrpc":"2.0","method":"textDocument/hover","params":{"position":{"character":33,"line":16},"textDocument":{"uri":"file:///C:/Users/lucas/AppData/Local/Temp/arduino-language-server525289391/sketch/sketch_jun9a.ino.cpp"}}}

I[10:18:32.653] <-- textDocument/hover(22)
V[10:18:32.653] ASTWorker running Hover on version 1 of C:\Users\lucas\AppData\Local\Temp\arduino-language-server525289391\sketch\sketch_jun9a.ino.cpp
I[10:18:32.654] --> reply:textDocument/hover(22) 1 ms
V[10:18:32.654] >>> {"id":22,"jsonrpc":"2.0","result":null}

V[10:18:49.195] <<< {"id":23,"jsonrpc":"2.0","method":"textDocument/hover","params":{"position":{"character":27,"line":17},"textDocument":{"uri":"file:///C:/Users/lucas/AppData/Local/Temp/arduino-language-server525289391/sketch/sketch_jun9a.ino.cpp"}}}

I[10:18:49.195] <-- textDocument/hover(23)
V[10:18:49.196] ASTWorker running Hover on version 1 of C:\Users\lucas\AppData\Local\Temp\arduino-language-server525289391\sketch\sketch_jun9a.ino.cpp
I[10:18:49.197] --> reply:textDocument/hover(23) 2 ms
V[10:18:49.197] >>> {"id":23,"jsonrpc":"2.0","result":null}

V[10:19:03.455] <<< {"id":24,"jsonrpc":"2.0","method":"textDocument/documentHighlight","params":{"position":{"character":8,"line":17},"textDocument":{"uri":"file:///C:/Users/lucas/AppData/Local/Temp/arduino-language-server525289391/sketch/sketch_jun9a.ino.cpp"}}}

I[10:19:03.455] <-- textDocument/documentHighlight(24)
V[10:19:03.456] ASTWorker running Highlights on version 1 of C:\Users\lucas\AppData\Local\Temp\arduino-language-server525289391\sketch\sketch_jun9a.ino.cpp
I[10:19:03.456] --> reply:textDocument/documentHighlight(24) 1 ms
V[10:19:03.456] >>> {"id":24,"jsonrpc":"2.0","result":[]}

V[10:19:06.020] <<< {"id":25,"jsonrpc":"2.0","method":"textDocument/hover","params":{"position":{"character":17,"line":2},"textDocument":{"uri":"file:///C:/Users/lucas/AppData/Local/Temp/arduino-language-server525289391/sketch/sketch_jun9a.ino.cpp"}}}

I[10:19:06.020] <-- textDocument/hover(25)
V[10:19:06.020] ASTWorker running Hover on version 1 of C:\Users\lucas\AppData\Local\Temp\arduino-language-server525289391\sketch\sketch_jun9a.ino.cpp
I[10:19:06.022] --> reply:textDocument/hover(25) 1 ms
V[10:19:06.022] >>> {"id":25,"jsonrpc":"2.0","result":null}

V[10:19:26.528] <<< {"id":26,"jsonrpc":"2.0","method":"shutdown","params":null}

I[10:19:26.528] <-- shutdown(26)
I[10:19:26.528] --> reply:shutdown(26) 0 ms
V[10:19:26.528] >>> {"id":26,"jsonrpc":"2.0","result":null}

V[10:19:26.529] <<< {"jsonrpc":"2.0","method":"exit","params":null}

I[10:19:26.529] <-- exit
I[10:19:26.529] LSP finished, exiting with status 0
