






Started logging.

<<<
Content-Length: 3126

{"jsonrpc":"2.0","id":0,"method":"initialize","params":{"processId":21320,"clientInfo":{"name":"vscode","version":"1.50.0"},"rootPath":"c:\\Users\\lucas\\AppData\\Local\\Arduino15\\packages\\libs\\sketch_jun9a","rootUri":"file:///c%3A/Users/lucas/AppData/Local/Arduino15/packages/libs/sketch_jun9a","capabilities":{"workspace":{"applyEdit":true,"workspaceEdit":{"documentChanges":true,"resourceOperations":["create","rename","delete"],"failureHandling":"textOnlyTransactional"},"didChangeConfiguration":{"dynamicRegistration":true},"didChangeWatchedFiles":{"dynamicRegistration":true},"symbol":{"dynamicRegistration":true,"symbolKind":{"valueSet":[1,2,3,4,5,6,7,8,9,10,11,12,13,14,15,16,17,18,19,20,21,22,23,24,25,26]}},"executeCommand":{"dynamicRegistration":true},"configuration":true,"workspaceFolders":true},"textDocument":{"publishDiagnostics":{"relatedInformation":true,"versionSupport":false,"tagSupport":{"valueSet":[1,2]}},"synchronization":{"dynamicRegistration":true,"willSave":true,"willSaveWaitUntil":true,"didSave":true},"completion":{"dynamicRegistration":true,"contextSupport":true,"completionItem":{"snippetSupport":true,"commitCharactersSupport":true,"documentationFormat":["markdown","plaintext"],"deprecatedSupport":true,"preselectSupport":true,"tagSupport":{"valueSet":[1]}},"completionItemKind":{"valueSet":[1,2,3,4,5,6,7,8,9,10,11,12,13,14,15,16,17,18,19,20,21,22,23,24,25]}},"hover":{"dynamicRegistration":true,"contentFormat":["markdown","plaintext"]},"signatureHelp":{"dynamicRegistration":true,"signatureInformation":{"documentationFormat":["markdown","plaintext"],"parameterInformation":{"labelOffsetSupport":true}},"contextSupport":true},"definition":{"dynamicRegistration":true,"linkSupport":true},"references":{"dynamicRegistration":true},"documentHighlight":{"dynamicRegistration":true},"documentSymbol":{"dynamicRegistration":true,"symbolKind":{"valueSet":[1,2,3,4,5,6,7,8,9,10,11,12,13,14,15,16,17,18,19,20,21,22,23,24,25,26]},"hierarchicalDocumentSymbolSupport":true},"codeAction":{"dynamicRegistration":true,"isPreferredSupport":true,"codeActionLiteralSupport":{"codeActionKind":{"valueSet":["","quickfix","refactor","refactor.extract","refactor.inline","refactor.rewrite","source","source.organizeImports"]}}},"codeLens":{"dynamicRegistration":true},"formatting":{"dynamicRegistration":true},"rangeFormatting":{"dynamicRegistration":true},"onTypeFormatting":{"dynamicRegistration":true},"rename":{"dynamicRegistration":true,"prepareSupport":true},"documentLink":{"dynamicRegistration":true,"tooltipSupport":true},"typeDefinition":{"dynamicRegistration":true,"linkSupport":true},"implementation":{"dynamicRegistration":true,"linkSupport":true},"colorProvider":{"dynamicRegistration":true},"foldingRange":{"dynamicRegistration":true,"rangeLimit":5000,"lineFoldingOnly":true},"declaration":{"dynamicRegistration":true,"linkSupport":true},"selectionRange":{"dynamicRegistration":true}},"window":{"workDoneProgress":true}},"initializationOptions":{},"trace":"off","workspaceFolders":[{"uri":"file:///c%3A/Users/lucas/AppData/Local/Arduino15/packages/libs/sketch_jun9a","name":"sketch_jun9a"}]}}
>>>
Content-Length: 598

{"id":0,"result":{"capabilities":{"textDocumentSync":2,"hoverProvider":true,"completionProvider":{"triggerCharacters":[".","\u003e",":"]},"signatureHelpProvider":{"triggerCharacters":["(",","]},"definitionProvider":true,"documentHighlightProvider":true,"documentSymbolProvider":true,"workspaceSymbolProvider":true,"codeActionProvider":true,"documentFormattingProvider":true,"documentRangeFormattingProvider":true,"documentOnTypeFormattingProvider":{"firstTriggerCharacter":"\n"},"renameProvider":false,"executeCommandProvider":{"commands":["clangd.applyFix","clangd.applyTweak"]}}},"jsonrpc":"2.0"}
<<<
Content-Length: 52

{"jsonrpc":"2.0","method":"initialized","params":{}}Content-Length: 898

{"jsonrpc":"2.0","method":"textDocument/didOpen","params":{"textDocument":{"uri":"file:///c%3A/Users/lucas/AppData/Local/Arduino15/packages/libs/sketch_jun9a/sketch_jun9a.ino","languageId":"cpp","version":1,"text":"#include <Particle.h>\n#include <WiFi.h>\n#include <WebServer.h>\n#include <DNSServer.h>\n#include <WiFiManager.h>\n\nint fsrAnalogePin = 0; // FSR is verbonden met analoog 0\nint fsrWaarde = 0; // De analoge waarde van de fsr spanningdeler\n\nvoid setup() {\n \n  Serial.begin(115200);\n  WiFiManager wifiManager;\n  wifiManager.setAPCallback(configModeCallback); \n  wifiManager.setSaveConfigCallback(saveConfigCallback); \n  wifiManager.autoConnect(); \n  delay(5000);\n \n}\n \nvoid loop() {\nfsrWaarde = analogRead(fsrAnalogePin);\nSerial.print(\"Analoge waarde = \"); // print 'Analoge waarde'\nSerial.println(fsrWaarde); // print de fsrwaarde op de monitor\ndelay(200);\n}"}}}
>>>
Content-Length: 111

{"method":"window/workDoneProgress/create","params":{"token":"backgroundIndexProgress"},"id":0,"jsonrpc":"2.0"}
<<<
Content-Length: 38

{"jsonrpc":"2.0","id":0,"result":null}
>>>
Content-Length: 143

{"method":"$/progress","params":{"token":"backgroundIndexProgress","value":{"title":"indexing","percentage":0,"kind":"begin"}},"jsonrpc":"2.0"}Content-Length: 107

{"method":"$/progress","params":{"token":"backgroundIndexProgress","value":{"kind":"end"}},"jsonrpc":"2.0"}Content-Length: 1887

{"method":"textDocument/publishDiagnostics","params":{"uri":"file:///c%3A/Users/lucas/AppData/Local/Arduino15/packages/libs/sketch_jun9a/sketch_jun9a.ino","diagnostics":[{"range":{"start":{"line":11,"character":2},"end":{"line":11,"character":8}},"severity":1,"code":"undeclared_var_use","source":"clang","message":"Use of undeclared identifier 'Serial'"},{"range":{"start":{"line":12,"character":2},"end":{"line":12,"character":13}},"severity":1,"code":"unknown_typename","source":"clang","message":"Unknown type name 'WiFiManager'"},{"range":{"start":{"line":13,"character":28},"end":{"line":13,"character":46}},"severity":1,"code":"undeclared_var_use","source":"clang","message":"Use of undeclared identifier 'configModeCallback'"},{"range":{"start":{"line":14,"character":36},"end":{"line":14,"character":54}},"severity":1,"code":"undeclared_var_use","source":"clang","message":"Use of undeclared identifier 'saveConfigCallback'"},{"range":{"start":{"line":16,"character":2},"end":{"line":16,"character":7}},"severity":1,"code":"undeclared_var_use","source":"clang","message":"Use of undeclared identifier 'delay'"},{"range":{"start":{"line":21,"character":12},"end":{"line":21,"character":22}},"severity":1,"code":"undeclared_var_use","source":"clang","message":"Use of undeclared identifier 'analogRead'"},{"range":{"start":{"line":22,"character":0},"end":{"line":22,"character":6}},"severity":1,"code":"undeclared_var_use","source":"clang","message":"Use of undeclared identifier 'Serial'"},{"range":{"start":{"line":23,"character":0},"end":{"line":23,"character":6}},"severity":1,"code":"undeclared_var_use","source":"clang","message":"Use of undeclared identifier 'Serial'"},{"range":{"start":{"line":24,"character":0},"end":{"line":24,"character":5}},"severity":1,"code":"undeclared_var_use","source":"clang","message":"Use of undeclared identifier 'delay'"}]},"jsonrpc":"2.0"}
<<<
Content-Length: 220

{"jsonrpc":"2.0","id":1,"method":"textDocument/hover","params":{"textDocument":{"uri":"file:///c%3A/Users/lucas/AppData/Local/Arduino15/packages/libs/sketch_jun9a/sketch_jun9a.ino"},"position":{"line":23,"character":7}}}
>>>
Content-Length: 38

{"id":1,"result":null,"jsonrpc":"2.0"}
<<<
Content-Length: 233

{"jsonrpc":"2.0","id":2,"method":"textDocument/documentHighlight","params":{"textDocument":{"uri":"file:///c%3A/Users/lucas/AppData/Local/Arduino15/packages/libs/sketch_jun9a/sketch_jun9a.ino"},"position":{"line":23,"character":16}}}
>>>
Content-Length: 36

{"id":2,"result":[],"jsonrpc":"2.0"}
<<<
Content-Length: 233

{"jsonrpc":"2.0","id":3,"method":"textDocument/documentHighlight","params":{"textDocument":{"uri":"file:///c%3A/Users/lucas/AppData/Local/Arduino15/packages/libs/sketch_jun9a/sketch_jun9a.ino"},"position":{"line":21,"character":15}}}
>>>
Content-Length: 36

{"id":3,"result":[],"jsonrpc":"2.0"}
<<<
Content-Length: 221

{"jsonrpc":"2.0","id":4,"method":"textDocument/hover","params":{"textDocument":{"uri":"file:///c%3A/Users/lucas/AppData/Local/Arduino15/packages/libs/sketch_jun9a/sketch_jun9a.ino"},"position":{"line":13,"character":28}}}
>>>
Content-Length: 38

{"id":4,"result":null,"jsonrpc":"2.0"}
<<<
Content-Length: 221

{"jsonrpc":"2.0","id":5,"method":"textDocument/hover","params":{"textDocument":{"uri":"file:///c%3A/Users/lucas/AppData/Local/Arduino15/packages/libs/sketch_jun9a/sketch_jun9a.ino"},"position":{"line":15,"character":28}}}
>>>
Content-Length: 38

{"id":5,"result":null,"jsonrpc":"2.0"}
<<<
Content-Length: 221

{"jsonrpc":"2.0","id":6,"method":"textDocument/hover","params":{"textDocument":{"uri":"file:///c%3A/Users/lucas/AppData/Local/Arduino15/packages/libs/sketch_jun9a/sketch_jun9a.ino"},"position":{"line":22,"character":17}}}
>>>
Content-Length: 38

{"id":6,"result":null,"jsonrpc":"2.0"}
<<<
Content-Length: 221

{"jsonrpc":"2.0","id":7,"method":"textDocument/hover","params":{"textDocument":{"uri":"file:///c%3A/Users/lucas/AppData/Local/Arduino15/packages/libs/sketch_jun9a/sketch_jun9a.ino"},"position":{"line":22,"character":19}}}
>>>
Content-Length: 38

{"id":7,"result":null,"jsonrpc":"2.0"}
<<<
Content-Length: 233

{"jsonrpc":"2.0","id":8,"method":"textDocument/documentHighlight","params":{"textDocument":{"uri":"file:///c%3A/Users/lucas/AppData/Local/Arduino15/packages/libs/sketch_jun9a/sketch_jun9a.ino"},"position":{"line":21,"character":21}}}
>>>
Content-Length: 36

{"id":8,"result":[],"jsonrpc":"2.0"}
<<<
Content-Length: 221

{"jsonrpc":"2.0","id":9,"method":"textDocument/hover","params":{"textDocument":{"uri":"file:///c%3A/Users/lucas/AppData/Local/Arduino15/packages/libs/sketch_jun9a/sketch_jun9a.ino"},"position":{"line":15,"character":21}}}
>>>
Content-Length: 38

{"id":9,"result":null,"jsonrpc":"2.0"}
<<<
Content-Length: 234

{"jsonrpc":"2.0","id":10,"method":"textDocument/documentHighlight","params":{"textDocument":{"uri":"file:///c%3A/Users/lucas/AppData/Local/Arduino15/packages/libs/sketch_jun9a/sketch_jun9a.ino"},"position":{"line":15,"character":22}}}
>>>
Content-Length: 37

{"id":10,"result":[],"jsonrpc":"2.0"}
<<<
Content-Length: 234

{"jsonrpc":"2.0","id":11,"method":"textDocument/documentHighlight","params":{"textDocument":{"uri":"file:///c%3A/Users/lucas/AppData/Local/Arduino15/packages/libs/sketch_jun9a/sketch_jun9a.ino"},"position":{"line":14,"character":22}}}
>>>
Content-Length: 37

{"id":11,"result":[],"jsonrpc":"2.0"}
<<<
Content-Length: 221

{"jsonrpc":"2.0","id":12,"method":"textDocument/hover","params":{"textDocument":{"uri":"file:///c%3A/Users/lucas/AppData/Local/Arduino15/packages/libs/sketch_jun9a/sketch_jun9a.ino"},"position":{"line":9,"character":14}}}
>>>
Content-Length: 39

{"id":12,"result":null,"jsonrpc":"2.0"}
<<<
Content-Length: 221

{"jsonrpc":"2.0","id":13,"method":"textDocument/hover","params":{"textDocument":{"uri":"file:///c%3A/Users/lucas/AppData/Local/Arduino15/packages/libs/sketch_jun9a/sketch_jun9a.ino"},"position":{"line":0,"character":13}}}
>>>
Content-Length: 39

{"id":13,"result":null,"jsonrpc":"2.0"}
<<<
Content-Length: 221

{"jsonrpc":"2.0","id":14,"method":"textDocument/hover","params":{"textDocument":{"uri":"file:///c%3A/Users/lucas/AppData/Local/Arduino15/packages/libs/sketch_jun9a/sketch_jun9a.ino"},"position":{"line":0,"character":12}}}
>>>
Content-Length: 39

{"id":14,"result":null,"jsonrpc":"2.0"}
<<<
Content-Length: 221

{"jsonrpc":"2.0","id":15,"method":"textDocument/hover","params":{"textDocument":{"uri":"file:///c%3A/Users/lucas/AppData/Local/Arduino15/packages/libs/sketch_jun9a/sketch_jun9a.ino"},"position":{"line":6,"character":18}}}
>>>
Content-Length: 298

{"id":15,"result":{"contents":{"kind":"markdown","value":"### variable `fsrAnalogePin`  \n\n---\nType: `int`  \nValue = `0`  \nFSR is verbonden met analoog 0  \n\n---\n```cpp\nint fsrAnalogePin = 0\n```"},"range":{"start":{"line":8,"character":18},"end":{"line":8,"character":19}}},"jsonrpc":"2.0"}
<<<
Content-Length: 222

{"jsonrpc":"2.0","id":16,"method":"textDocument/hover","params":{"textDocument":{"uri":"file:///c%3A/Users/lucas/AppData/Local/Arduino15/packages/libs/sketch_jun9a/sketch_jun9a.ino"},"position":{"line":11,"character":13}}}
>>>
Content-Length: 39

{"id":16,"result":null,"jsonrpc":"2.0"}
<<<
Content-Length: 234

{"jsonrpc":"2.0","id":17,"method":"textDocument/documentHighlight","params":{"textDocument":{"uri":"file:///c%3A/Users/lucas/AppData/Local/Arduino15/packages/libs/sketch_jun9a/sketch_jun9a.ino"},"position":{"line":11,"character":14}}}
>>>
Content-Length: 37

{"id":17,"result":[],"jsonrpc":"2.0"}
<<<
Content-Length: 234

{"jsonrpc":"2.0","id":18,"method":"textDocument/documentHighlight","params":{"textDocument":{"uri":"file:///c%3A/Users/lucas/AppData/Local/Arduino15/packages/libs/sketch_jun9a/sketch_jun9a.ino"},"position":{"line":14,"character":19}}}
>>>
Content-Length: 37

{"id":18,"result":[],"jsonrpc":"2.0"}
<<<
Content-Length: 222

{"jsonrpc":"2.0","id":19,"method":"textDocument/hover","params":{"textDocument":{"uri":"file:///c%3A/Users/lucas/AppData/Local/Arduino15/packages/libs/sketch_jun9a/sketch_jun9a.ino"},"position":{"line":14,"character":22}}}
>>>
Content-Length: 39

{"id":19,"result":null,"jsonrpc":"2.0"}
<<<
Content-Length: 222

{"jsonrpc":"2.0","id":20,"method":"textDocument/hover","params":{"textDocument":{"uri":"file:///c%3A/Users/lucas/AppData/Local/Arduino15/packages/libs/sketch_jun9a/sketch_jun9a.ino"},"position":{"line":14,"character":33}}}
>>>
Content-Length: 39

{"id":20,"result":null,"jsonrpc":"2.0"}
<<<
Content-Length: 222

{"jsonrpc":"2.0","id":21,"method":"textDocument/hover","params":{"textDocument":{"uri":"file:///c%3A/Users/lucas/AppData/Local/Arduino15/packages/libs/sketch_jun9a/sketch_jun9a.ino"},"position":{"line":15,"character":27}}}
>>>
Content-Length: 39

{"id":21,"result":null,"jsonrpc":"2.0"}
<<<
Content-Length: 233

{"jsonrpc":"2.0","id":22,"method":"textDocument/documentHighlight","params":{"textDocument":{"uri":"file:///c%3A/Users/lucas/AppData/Local/Arduino15/packages/libs/sketch_jun9a/sketch_jun9a.ino"},"position":{"line":15,"character":8}}}
>>>
Content-Length: 37

{"id":22,"result":[],"jsonrpc":"2.0"}
<<<
Content-Length: 221

{"jsonrpc":"2.0","id":23,"method":"textDocument/hover","params":{"textDocument":{"uri":"file:///c%3A/Users/lucas/AppData/Local/Arduino15/packages/libs/sketch_jun9a/sketch_jun9a.ino"},"position":{"line":0,"character":17}}}
>>>
Content-Length: 39

{"id":23,"result":null,"jsonrpc":"2.0"}
<<<
Content-Length: 59

{"jsonrpc":"2.0","id":24,"method":"shutdown","params":null}
>>>
Content-Length: 39

{"id":24,"result":null,"jsonrpc":"2.0"}
<<<
Content-Length: 47

{"jsonrpc":"2.0","method":"exit","params":null}